{"/home/travis/build/npmtest/node-npmtest-angular2-grid/test.js":{"path":"/home/travis/build/npmtest/node-npmtest-angular2-grid/test.js","s":{"1":2,"2":2,"3":2,"4":2,"5":2,"6":2,"7":2,"8":1,"9":2,"10":2,"11":1,"12":1,"13":1,"14":1,"15":2,"16":2,"17":2,"18":2,"19":1,"20":1,"21":2,"22":2,"23":2,"24":1,"25":1,"26":1,"27":1,"28":1,"29":1,"30":1,"31":1,"32":1,"33":1,"34":1,"35":1,"36":1,"37":1,"38":1,"39":2,"40":2,"41":1,"42":2,"43":2,"44":1,"45":2,"46":2,"47":1,"48":2,"49":2,"50":1,"51":1,"52":1,"53":1,"54":1},"b":{"1":[2,1,1,1],"2":[1,1,1,1],"3":[1,1],"4":[1,1],"5":[1,1],"6":[1,1],"7":[1,1],"8":[1,1],"9":[1,1],"10":[1,1,1],"11":[1,1],"12":[1,1],"13":[1,1],"14":[1,1],"15":[1,1],"16":[1,1],"17":[1,1]},"f":{"1":2,"2":2,"3":2,"4":2,"5":2,"6":1,"7":1,"8":1,"9":2,"10":2,"11":2,"12":2,"13":1},"fnMap":{"1":{"name":"(anonymous_1)","line":12,"loc":{"start":{"line":12,"column":1},"end":{"line":12,"column":13}}},"2":{"name":"(anonymous_2)","line":19,"loc":{"start":{"line":19,"column":5},"end":{"line":19,"column":17}}},"3":{"name":"(anonymous_3)","line":23,"loc":{"start":{"line":23,"column":24},"end":{"line":23,"column":36}}},"4":{"name":"(anonymous_4)","line":61,"loc":{"start":{"line":61,"column":5},"end":{"line":61,"column":17}}},"5":{"name":"(anonymous_5)","line":82,"loc":{"start":{"line":82,"column":5},"end":{"line":82,"column":17}}},"6":{"name":"(anonymous_6)","line":91,"loc":{"start":{"line":91,"column":77},"end":{"line":94,"column":10}}},"7":{"name":"(anonymous_7)","line":112,"loc":{"start":{"line":112,"column":83},"end":{"line":115,"column":10}},"skip":true},"8":{"name":"(anonymous_8)","line":123,"loc":{"start":{"line":123,"column":77},"end":{"line":126,"column":10}},"skip":true},"9":{"name":"(anonymous_9)","line":139,"loc":{"start":{"line":139,"column":12},"end":{"line":139,"column":40}},"skip":true},"10":{"name":"(anonymous_10)","line":147,"loc":{"start":{"line":147,"column":77},"end":{"line":150,"column":10}},"skip":true},"11":{"name":"(anonymous_11)","line":158,"loc":{"start":{"line":158,"column":83},"end":{"line":161,"column":10}},"skip":true},"12":{"name":"(anonymous_12)","line":169,"loc":{"start":{"line":169,"column":79},"end":{"line":172,"column":10}},"skip":true},"13":{"name":"(anonymous_13)","line":180,"loc":{"start":{"line":180,"column":75},"end":{"line":183,"column":10}},"skip":true}},"statementMap":{"1":{"start":{"line":12,"column":0},"end":{"line":195,"column":5}},"2":{"start":{"line":14,"column":4},"end":{"line":14,"column":14}},"3":{"start":{"line":19,"column":4},"end":{"line":56,"column":9}},"4":{"start":{"line":21,"column":8},"end":{"line":21,"column":19}},"5":{"start":{"line":23,"column":8},"end":{"line":35,"column":13}},"6":{"start":{"line":24,"column":12},"end":{"line":34,"column":13}},"7":{"start":{"line":25,"column":16},"end":{"line":28,"column":30}},"8":{"start":{"line":30,"column":16},"end":{"line":33,"column":27}},"9":{"start":{"line":37,"column":8},"end":{"line":39,"column":21}},"10":{"start":{"line":40,"column":8},"end":{"line":53,"column":9}},"11":{"start":{"line":43,"column":12},"end":{"line":46,"column":14}},"12":{"start":{"line":47,"column":12},"end":{"line":47,"column":18}},"13":{"start":{"line":50,"column":12},"end":{"line":51,"column":46}},"14":{"start":{"line":52,"column":12},"end":{"line":52,"column":18}},"15":{"start":{"line":55,"column":8},"end":{"line":55,"column":35}},"16":{"start":{"line":61,"column":4},"end":{"line":63,"column":9}},"17":{"start":{"line":62,"column":8},"end":{"line":62,"column":15}},"18":{"start":{"line":64,"column":4},"end":{"line":77,"column":5}},"19":{"start":{"line":70,"column":8},"end":{"line":70,"column":14}},"20":{"start":{"line":76,"column":8},"end":{"line":76,"column":14}},"21":{"start":{"line":82,"column":4},"end":{"line":84,"column":9}},"22":{"start":{"line":83,"column":8},"end":{"line":83,"column":15}},"23":{"start":{"line":85,"column":4},"end":{"line":194,"column":5}},"24":{"start":{"line":91,"column":8},"end":{"line":99,"column":10}},"25":{"start":{"line":98,"column":12},"end":{"line":98,"column":35}},"26":{"start":{"line":102,"column":8},"end":{"line":104,"column":63}},"27":{"start":{"line":105,"column":8},"end":{"line":105,"column":14}},"28":{"start":{"line":112,"column":8},"end":{"line":121,"column":10},"skip":true},"29":{"start":{"line":119,"column":12},"end":{"line":119,"column":55},"skip":true},"30":{"start":{"line":120,"column":12},"end":{"line":120,"column":48},"skip":true},"31":{"start":{"line":123,"column":8},"end":{"line":136,"column":10},"skip":true},"32":{"start":{"line":130,"column":12},"end":{"line":130,"column":76},"skip":true},"33":{"start":{"line":131,"column":12},"end":{"line":131,"column":73},"skip":true},"34":{"start":{"line":132,"column":12},"end":{"line":132,"column":74},"skip":true},"35":{"start":{"line":133,"column":12},"end":{"line":133,"column":79},"skip":true},"36":{"start":{"line":134,"column":12},"end":{"line":134,"column":25},"skip":true},"37":{"start":{"line":135,"column":12},"end":{"line":135,"column":45},"skip":true},"38":{"start":{"line":138,"column":8},"end":{"line":145,"column":14},"skip":true},"39":{"start":{"line":143,"column":16},"end":{"line":143,"column":29},"skip":true},"40":{"start":{"line":144,"column":16},"end":{"line":144,"column":55},"skip":true},"41":{"start":{"line":147,"column":8},"end":{"line":156,"column":10},"skip":true},"42":{"start":{"line":154,"column":12},"end":{"line":154,"column":25},"skip":true},"43":{"start":{"line":155,"column":12},"end":{"line":155,"column":45},"skip":true},"44":{"start":{"line":158,"column":8},"end":{"line":167,"column":10},"skip":true},"45":{"start":{"line":165,"column":12},"end":{"line":165,"column":25},"skip":true},"46":{"start":{"line":166,"column":12},"end":{"line":166,"column":48},"skip":true},"47":{"start":{"line":169,"column":8},"end":{"line":178,"column":10},"skip":true},"48":{"start":{"line":176,"column":12},"end":{"line":176,"column":25},"skip":true},"49":{"start":{"line":177,"column":12},"end":{"line":177,"column":46},"skip":true},"50":{"start":{"line":180,"column":8},"end":{"line":189,"column":10},"skip":true},"51":{"start":{"line":187,"column":12},"end":{"line":187,"column":94},"skip":true},"52":{"start":{"line":188,"column":12},"end":{"line":188,"column":48},"skip":true},"53":{"start":{"line":192,"column":8},"end":{"line":192,"column":35},"skip":true},"54":{"start":{"line":193,"column":8},"end":{"line":193,"column":14},"skip":true}},"branchMap":{"1":{"line":25,"type":"binary-expr","locations":[{"start":{"line":25,"column":23},"end":{"line":25,"column":62}},{"start":{"line":26,"column":20},"end":{"line":26,"column":70}},{"start":{"line":27,"column":20},"end":{"line":27,"column":71}},{"start":{"line":28,"column":20},"end":{"line":28,"column":29}}]},"2":{"line":30,"type":"binary-expr","locations":[{"start":{"line":30,"column":23},"end":{"line":30,"column":37}},{"start":{"line":31,"column":20},"end":{"line":31,"column":61}},{"start":{"line":32,"column":20},"end":{"line":32,"column":70}},{"start":{"line":33,"column":20},"end":{"line":33,"column":26}}]},"3":{"line":37,"type":"cond-expr","locations":[{"start":{"line":38,"column":14},"end":{"line":38,"column":20}},{"start":{"line":39,"column":14},"end":{"line":39,"column":20}}]},"4":{"line":40,"type":"switch","locations":[{"start":{"line":42,"column":8},"end":{"line":47,"column":18}},{"start":{"line":49,"column":8},"end":{"line":52,"column":18}}]},"5":{"line":44,"type":"binary-expr","locations":[{"start":{"line":44,"column":16},"end":{"line":44,"column":44}},{"start":{"line":44,"column":48},"end":{"line":44,"column":66}}]},"6":{"line":50,"type":"binary-expr","locations":[{"start":{"line":50,"column":21},"end":{"line":50,"column":49}},{"start":{"line":50,"column":53},"end":{"line":50,"column":72}}]},"7":{"line":64,"type":"switch","locations":[{"start":{"line":69,"column":4},"end":{"line":70,"column":14}},{"start":{"line":75,"column":4},"end":{"line":76,"column":14}}]},"8":{"line":85,"type":"switch","locations":[{"start":{"line":90,"column":4},"end":{"line":105,"column":14}},{"start":{"line":111,"column":4},"end":{"line":193,"column":14},"skip":true}]},"9":{"line":91,"type":"binary-expr","locations":[{"start":{"line":91,"column":42},"end":{"line":91,"column":73}},{"start":{"line":91,"column":77},"end":{"line":99,"column":9}}]},"10":{"line":102,"type":"binary-expr","locations":[{"start":{"line":102,"column":18},"end":{"line":102,"column":32}},{"start":{"line":103,"column":12},"end":{"line":103,"column":53}},{"start":{"line":104,"column":12},"end":{"line":104,"column":61}}]},"11":{"line":112,"type":"binary-expr","locations":[{"start":{"line":112,"column":45},"end":{"line":112,"column":79},"skip":true},{"start":{"line":112,"column":83},"end":{"line":121,"column":9},"skip":true}]},"12":{"line":123,"type":"binary-expr","locations":[{"start":{"line":123,"column":42},"end":{"line":123,"column":73},"skip":true},{"start":{"line":123,"column":77},"end":{"line":136,"column":9},"skip":true}]},"13":{"line":138,"type":"binary-expr","locations":[{"start":{"line":138,"column":48},"end":{"line":138,"column":85},"skip":true},{"start":{"line":139,"column":12},"end":{"line":145,"column":13},"skip":true}]},"14":{"line":147,"type":"binary-expr","locations":[{"start":{"line":147,"column":42},"end":{"line":147,"column":73},"skip":true},{"start":{"line":147,"column":77},"end":{"line":156,"column":9},"skip":true}]},"15":{"line":158,"type":"binary-expr","locations":[{"start":{"line":158,"column":45},"end":{"line":158,"column":79},"skip":true},{"start":{"line":158,"column":83},"end":{"line":167,"column":9},"skip":true}]},"16":{"line":169,"type":"binary-expr","locations":[{"start":{"line":169,"column":43},"end":{"line":169,"column":75},"skip":true},{"start":{"line":169,"column":79},"end":{"line":178,"column":9},"skip":true}]},"17":{"line":180,"type":"binary-expr","locations":[{"start":{"line":180,"column":41},"end":{"line":180,"column":71},"skip":true},{"start":{"line":180,"column":75},"end":{"line":189,"column":9},"skip":true}]}},"code":["/* istanbul instrument in package npmtest_angular2_grid */","/*jslint","    bitwise: true,","    browser: true,","    maxerr: 8,","    maxlen: 96,","    node: true,","    nomen: true,","    regexp: true,","    stupid: true","*/","(function () {","    'use strict';","    var local;","","","","    // run shared js-env code - pre-init","    (function () {","        // init local","        local = {};","        // init modeJs","        local.modeJs = (function () {","            try {","                return typeof navigator.userAgent === 'string' &&","                    typeof document.querySelector('body') === 'object' &&","                    typeof XMLHttpRequest.prototype.open === 'function' &&","                    'browser';","            } catch (errorCaughtBrowser) {","                return module.exports &&","                    typeof process.versions.node === 'string' &&","                    typeof require('http').createServer === 'function' &&","                    'node';","            }","        }());","        // init global","        local.global = local.modeJs === 'browser'","            ? window","            : global;","        switch (local.modeJs) {","        // re-init local from window.local","        case 'browser':","            local = local.global.utility2.objectSetDefault(","                local.global.utility2_rollup || local.global.local,","                local.global.utility2","            );","            break;","        // re-init local from example.js","        case 'node':","            local = (local.global.utility2_rollup || require('utility2'))","                .requireExampleJsFromReadme();","            break;","        }","        // export local","        local.global.local = local;","    }());","","","","    // run shared js-env code - function","    (function () {","        return;","    }());","    switch (local.modeJs) {","","","","    // run browser js-env code - function","    case 'browser':","        break;","","","","    // run node js-env code - function","    case 'node':","        break;","    }","","","","    // run shared js-env code - post-init","    (function () {","        return;","    }());","    switch (local.modeJs) {","","","","    // run browser js-env code - post-init","    case 'browser':","        local.testCase_browser_nullCase = local.testCase_browser_nullCase || function (","            options,","            onError","        ) {","        /*","         * this function will test browsers's null-case handling-behavior-behavior","         */","            onError(null, options);","        };","","        // run tests","        local.nop(local.modeTest &&","            document.querySelector('#testRunButton1') &&","            document.querySelector('#testRunButton1').click());","        break;","","","","    // run node js-env code - post-init","    /* istanbul ignore next */","    case 'node':","        local.testCase_buildApidoc_default = local.testCase_buildApidoc_default || function (","            options,","            onError","        ) {","        /*","         * this function will test buildApidoc's default handling-behavior-behavior","         */","            options = { modulePathList: module.paths };","            local.buildApidoc(options, onError);","        };","","        local.testCase_buildApp_default = local.testCase_buildApp_default || function (","            options,","            onError","        ) {","        /*","         * this function will test buildApp's default handling-behavior-behavior","         */","            local.testCase_buildReadme_default(options, local.onErrorThrow);","            local.testCase_buildLib_default(options, local.onErrorThrow);","            local.testCase_buildTest_default(options, local.onErrorThrow);","            local.testCase_buildCustomOrg_default(options, local.onErrorThrow);","            options = [];","            local.buildApp(options, onError);","        };","","        local.testCase_buildCustomOrg_default = local.testCase_buildCustomOrg_default ||","            function (options, onError) {","            /*","             * this function will test buildCustomOrg's default handling-behavior","             */","                options = {};","                local.buildCustomOrg(options, onError);","            };","","        local.testCase_buildLib_default = local.testCase_buildLib_default || function (","            options,","            onError","        ) {","        /*","         * this function will test buildLib's default handling-behavior","         */","            options = {};","            local.buildLib(options, onError);","        };","","        local.testCase_buildReadme_default = local.testCase_buildReadme_default || function (","            options,","            onError","        ) {","        /*","         * this function will test buildReadme's default handling-behavior-behavior","         */","            options = {};","            local.buildReadme(options, onError);","        };","","        local.testCase_buildTest_default = local.testCase_buildTest_default || function (","            options,","            onError","        ) {","        /*","         * this function will test buildTest's default handling-behavior","         */","            options = {};","            local.buildTest(options, onError);","        };","","        local.testCase_webpage_default = local.testCase_webpage_default || function (","            options,","            onError","        ) {","        /*","         * this function will test webpage's default handling-behavior","         */","            options = { modeCoverageMerge: true, url: local.serverLocalHost + '?modeTest=1' };","            local.browserTest(options, onError);","        };","","        // run test-server","        local.testRunServer(local);","        break;","    }","}());",""],"l":{"12":2,"14":2,"19":2,"21":2,"23":2,"24":2,"25":2,"30":1,"37":2,"40":2,"43":1,"47":1,"50":1,"52":1,"55":2,"61":2,"62":2,"64":2,"70":1,"76":1,"82":2,"83":2,"85":2,"91":1,"98":1,"102":1,"105":1,"112":1,"119":1,"120":1,"123":1,"130":1,"131":1,"132":1,"133":1,"134":1,"135":1,"138":1,"143":2,"144":2,"147":1,"154":2,"155":2,"158":1,"165":2,"166":2,"169":1,"176":2,"177":2,"180":1,"187":1,"188":1,"192":1,"193":1}},"/home/travis/build/npmtest/node-npmtest-angular2-grid/lib.npmtest_angular2_grid.js":{"path":"/home/travis/build/npmtest/node-npmtest-angular2-grid/lib.npmtest_angular2_grid.js","s":{"1":2,"2":2,"3":2,"4":2,"5":2,"6":2,"7":2,"8":1,"9":2,"10":2,"11":2,"12":2,"13":1,"14":1,"15":1,"16":1},"b":{"1":[2,1,1,1],"2":[1,1,1,1],"3":[1,1],"4":[2,2],"5":[1,1]},"f":{"1":2,"2":2,"3":2},"fnMap":{"1":{"name":"(anonymous_1)","line":12,"loc":{"start":{"line":12,"column":1},"end":{"line":12,"column":13}}},"2":{"name":"(anonymous_2)","line":19,"loc":{"start":{"line":19,"column":5},"end":{"line":19,"column":17}}},"3":{"name":"(anonymous_3)","line":23,"loc":{"start":{"line":23,"column":24},"end":{"line":23,"column":36}}}},"statementMap":{"1":{"start":{"line":12,"column":0},"end":{"line":53,"column":5}},"2":{"start":{"line":14,"column":4},"end":{"line":14,"column":14}},"3":{"start":{"line":19,"column":4},"end":{"line":52,"column":9}},"4":{"start":{"line":21,"column":8},"end":{"line":21,"column":19}},"5":{"start":{"line":23,"column":8},"end":{"line":35,"column":13}},"6":{"start":{"line":24,"column":12},"end":{"line":34,"column":13}},"7":{"start":{"line":25,"column":16},"end":{"line":28,"column":30}},"8":{"start":{"line":30,"column":16},"end":{"line":33,"column":27}},"9":{"start":{"line":37,"column":8},"end":{"line":39,"column":21}},"10":{"start":{"line":41,"column":8},"end":{"line":41,"column":54}},"11":{"start":{"line":43,"column":8},"end":{"line":43,"column":58}},"12":{"start":{"line":45,"column":8},"end":{"line":51,"column":9}},"13":{"start":{"line":46,"column":12},"end":{"line":46,"column":64}},"14":{"start":{"line":48,"column":12},"end":{"line":48,"column":35}},"15":{"start":{"line":49,"column":12},"end":{"line":49,"column":49}},"16":{"start":{"line":50,"column":12},"end":{"line":50,"column":43}}},"branchMap":{"1":{"line":25,"type":"binary-expr","locations":[{"start":{"line":25,"column":23},"end":{"line":25,"column":62}},{"start":{"line":26,"column":20},"end":{"line":26,"column":70}},{"start":{"line":27,"column":20},"end":{"line":27,"column":71}},{"start":{"line":28,"column":20},"end":{"line":28,"column":29}}]},"2":{"line":30,"type":"binary-expr","locations":[{"start":{"line":30,"column":23},"end":{"line":30,"column":37}},{"start":{"line":31,"column":20},"end":{"line":31,"column":61}},{"start":{"line":32,"column":20},"end":{"line":32,"column":70}},{"start":{"line":33,"column":20},"end":{"line":33,"column":26}}]},"3":{"line":37,"type":"cond-expr","locations":[{"start":{"line":38,"column":14},"end":{"line":38,"column":20}},{"start":{"line":39,"column":14},"end":{"line":39,"column":20}}]},"4":{"line":41,"type":"binary-expr","locations":[{"start":{"line":41,"column":16},"end":{"line":41,"column":44}},{"start":{"line":41,"column":48},"end":{"line":41,"column":53}}]},"5":{"line":45,"type":"if","locations":[{"start":{"line":45,"column":8},"end":{"line":45,"column":8}},{"start":{"line":45,"column":8},"end":{"line":45,"column":8}}]}},"code":["/* istanbul instrument in package npmtest_angular2_grid */","/*jslint","    bitwise: true,","    browser: true,","    maxerr: 8,","    maxlen: 96,","    node: true,","    nomen: true,","    regexp: true,","    stupid: true","*/","(function () {","    'use strict';","    var local;","","","","    // run shared js-env code - pre-init","    (function () {","        // init local","        local = {};","        // init modeJs","        local.modeJs = (function () {","            try {","                return typeof navigator.userAgent === 'string' &&","                    typeof document.querySelector('body') === 'object' &&","                    typeof XMLHttpRequest.prototype.open === 'function' &&","                    'browser';","            } catch (errorCaughtBrowser) {","                return module.exports &&","                    typeof process.versions.node === 'string' &&","                    typeof require('http').createServer === 'function' &&","                    'node';","            }","        }());","        // init global","        local.global = local.modeJs === 'browser'","            ? window","            : global;","        // init utility2_rollup","        local = local.global.utility2_rollup || local;","        // init lib","        local.local = local.npmtest_angular2_grid = local;","        // init exports","        if (local.modeJs === 'browser') {","            local.global.utility2_npmtest_angular2_grid = local;","        } else {","            module.exports = local;","            module.exports.__dirname = __dirname;","            module.exports.module = module;","        }","    }());","}());",""],"l":{"12":2,"14":2,"19":2,"21":2,"23":2,"24":2,"25":2,"30":1,"37":2,"41":2,"43":2,"45":2,"46":1,"48":1,"49":1,"50":1}},"/home/travis/build/npmtest/node-npmtest-angular2-grid/example.js":{"path":"/home/travis/build/npmtest/node-npmtest-angular2-grid/example.js","s":{"1":2,"2":2,"3":2,"4":2,"5":2,"6":2,"7":2,"8":1,"9":2,"10":2,"11":2,"12":2,"13":1,"14":2,"15":2,"16":2,"17":2,"18":2,"19":0,"20":2,"21":1,"22":1,"23":1,"24":1,"25":1,"26":0,"27":0,"28":1,"29":1,"30":2,"31":0,"32":0,"33":0,"34":1,"35":2,"36":2,"37":3,"38":3,"39":3,"40":3,"41":0,"42":3,"43":3,"44":3,"45":1,"46":3,"47":1,"48":1,"49":1,"50":1,"51":1,"52":1,"53":1,"54":1,"55":1,"56":1,"57":0,"58":1,"59":6,"60":6,"61":1,"62":2,"63":0,"64":2,"65":1,"66":1,"67":0,"68":0,"69":0,"70":0,"71":0,"72":0,"73":0,"74":0,"75":0,"76":0,"77":0,"78":0,"79":0,"80":0,"81":0,"82":0,"83":0},"b":{"1":[2,1,1,1],"2":[1,1,1,1],"3":[1,1],"4":[2,2],"5":[1,1],"6":[1,1],"7":[2,0],"8":[2,1,1,1,1,1],"9":[0,2,0],"10":[1,1],"11":[2,1,1],"12":[1,0],"13":[0,2],"14":[2,0,0,0,0,0,0],"15":[0,3],"16":[3,0],"17":[1,1],"18":[0,1],"19":[1,2,0,2],"20":[1,0],"21":[1,1],"22":[0,0],"23":[0,0],"24":[0,0],"25":[0,0],"26":[0,0],"27":[0,0],"28":[0,0]},"f":{"1":2,"2":2,"3":2,"4":2,"5":2,"6":2,"7":3,"8":3,"9":3,"10":1,"11":6,"12":0},"fnMap":{"1":{"name":"(anonymous_1)","line":26,"loc":{"start":{"line":26,"column":1},"end":{"line":26,"column":13}}},"2":{"name":"(anonymous_2)","line":33,"loc":{"start":{"line":33,"column":5},"end":{"line":33,"column":17}}},"3":{"name":"(anonymous_3)","line":37,"loc":{"start":{"line":37,"column":24},"end":{"line":37,"column":36}}},"4":{"name":"(anonymous_4)","line":69,"loc":{"start":{"line":69,"column":31},"end":{"line":69,"column":48}},"skip":true},"5":{"name":"(anonymous_5)","line":78,"loc":{"start":{"line":78,"column":26},"end":{"line":78,"column":45}},"skip":true},"6":{"name":"(anonymous_6)","line":123,"loc":{"start":{"line":123,"column":33},"end":{"line":123,"column":48}},"skip":true},"7":{"name":"(anonymous_7)","line":125,"loc":{"start":{"line":125,"column":27},"end":{"line":125,"column":39}},"skip":true},"8":{"name":"(anonymous_8)","line":133,"loc":{"start":{"line":133,"column":59},"end":{"line":133,"column":74}},"skip":true},"9":{"name":"(anonymous_9)","line":143,"loc":{"start":{"line":143,"column":45},"end":{"line":143,"column":62}},"skip":true},"10":{"name":"(anonymous_10)","line":144,"loc":{"start":{"line":144,"column":73},"end":{"line":144,"column":92}},"skip":true},"11":{"name":"(anonymous_11)","line":272,"loc":{"start":{"line":272,"column":51},"end":{"line":272,"column":77}},"skip":true},"12":{"name":"(anonymous_12)","line":315,"loc":{"start":{"line":315,"column":32},"end":{"line":315,"column":61}},"skip":true}},"statementMap":{"1":{"start":{"line":26,"column":0},"end":{"line":326,"column":5}},"2":{"start":{"line":28,"column":4},"end":{"line":28,"column":14}},"3":{"start":{"line":33,"column":4},"end":{"line":60,"column":9}},"4":{"start":{"line":35,"column":8},"end":{"line":35,"column":19}},"5":{"start":{"line":37,"column":8},"end":{"line":49,"column":13}},"6":{"start":{"line":38,"column":12},"end":{"line":48,"column":13}},"7":{"start":{"line":39,"column":16},"end":{"line":42,"column":30}},"8":{"start":{"line":44,"column":16},"end":{"line":47,"column":27}},"9":{"start":{"line":51,"column":8},"end":{"line":53,"column":21}},"10":{"start":{"line":55,"column":8},"end":{"line":57,"column":45}},"11":{"start":{"line":59,"column":8},"end":{"line":59,"column":35}},"12":{"start":{"line":61,"column":4},"end":{"line":325,"column":5}},"13":{"start":{"line":69,"column":8},"end":{"line":121,"column":10},"skip":true},"14":{"start":{"line":70,"column":12},"end":{"line":88,"column":13},"skip":true},"15":{"start":{"line":76,"column":16},"end":{"line":87,"column":19},"skip":true},"16":{"start":{"line":79,"column":20},"end":{"line":86,"column":21},"skip":true},"17":{"start":{"line":82,"column":24},"end":{"line":82,"column":43},"skip":true},"18":{"start":{"line":83,"column":24},"end":{"line":83,"column":30},"skip":true},"19":{"start":{"line":85,"column":24},"end":{"line":85,"column":49},"skip":true},"20":{"start":{"line":89,"column":12},"end":{"line":107,"column":13},"skip":true},"21":{"start":{"line":92,"column":16},"end":{"line":102,"column":17},"skip":true},"22":{"start":{"line":93,"column":20},"end":{"line":93,"column":86},"skip":true},"23":{"start":{"line":94,"column":20},"end":{"line":95,"column":45},"skip":true},"24":{"start":{"line":96,"column":20},"end":{"line":96,"column":42},"skip":true},"25":{"start":{"line":97,"column":20},"end":{"line":97,"column":48},"skip":true},"26":{"start":{"line":100,"column":20},"end":{"line":100,"column":85},"skip":true},"27":{"start":{"line":101,"column":20},"end":{"line":101,"column":96},"skip":true},"28":{"start":{"line":103,"column":16},"end":{"line":103,"column":22},"skip":true},"29":{"start":{"line":106,"column":16},"end":{"line":106,"column":22},"skip":true},"30":{"start":{"line":108,"column":12},"end":{"line":120,"column":13},"skip":true},"31":{"start":{"line":114,"column":16},"end":{"line":119,"column":17},"skip":true},"32":{"start":{"line":116,"column":20},"end":{"line":116,"column":78},"skip":true},"33":{"start":{"line":118,"column":20},"end":{"line":118,"column":47},"skip":true},"34":{"start":{"line":123,"column":8},"end":{"line":141,"column":11},"skip":true},"35":{"start":{"line":124,"column":12},"end":{"line":124,"column":54},"skip":true},"36":{"start":{"line":125,"column":12},"end":{"line":140,"column":14},"skip":true},"37":{"start":{"line":126,"column":16},"end":{"line":126,"column":28},"skip":true},"38":{"start":{"line":127,"column":16},"end":{"line":127,"column":69},"skip":true},"39":{"start":{"line":128,"column":16},"end":{"line":128,"column":75},"skip":true},"40":{"start":{"line":129,"column":16},"end":{"line":131,"column":17},"skip":true},"41":{"start":{"line":130,"column":20},"end":{"line":130,"column":27},"skip":true},"42":{"start":{"line":133,"column":16},"end":{"line":137,"column":36},"skip":true},"43":{"start":{"line":134,"column":20},"end":{"line":136,"column":55},"skip":true},"44":{"start":{"line":139,"column":16},"end":{"line":139,"column":57},"skip":true},"45":{"start":{"line":143,"column":8},"end":{"line":147,"column":11},"skip":true},"46":{"start":{"line":144,"column":12},"end":{"line":146,"column":15},"skip":true},"47":{"start":{"line":145,"column":16},"end":{"line":145,"column":70},"skip":true},"48":{"start":{"line":149,"column":8},"end":{"line":149,"column":31},"skip":true},"49":{"start":{"line":150,"column":8},"end":{"line":150,"column":14},"skip":true},"50":{"start":{"line":158,"column":8},"end":{"line":158,"column":31},"skip":true},"51":{"start":{"line":160,"column":8},"end":{"line":160,"column":33},"skip":true},"52":{"start":{"line":161,"column":8},"end":{"line":161,"column":37},"skip":true},"53":{"start":{"line":162,"column":8},"end":{"line":162,"column":35},"skip":true},"54":{"start":{"line":164,"column":8},"end":{"line":164,"column":50},"skip":true},"55":{"start":{"line":166,"column":8},"end":{"line":256,"column":2},"skip":true},"56":{"start":{"line":258,"column":8},"end":{"line":286,"column":9},"skip":true},"57":{"start":{"line":259,"column":12},"end":{"line":269,"column":14},"skip":true},"58":{"start":{"line":271,"column":12},"end":{"line":285,"column":19},"skip":true},"59":{"start":{"line":274,"column":20},"end":{"line":274,"column":35},"skip":true},"60":{"start":{"line":275,"column":20},"end":{"line":284,"column":21},"skip":true},"61":{"start":{"line":277,"column":24},"end":{"line":277,"column":64},"skip":true},"62":{"start":{"line":279,"column":24},"end":{"line":279,"column":40},"skip":true},"63":{"start":{"line":281,"column":24},"end":{"line":281,"column":40},"skip":true},"64":{"start":{"line":283,"column":24},"end":{"line":283,"column":39},"skip":true},"65":{"start":{"line":288,"column":8},"end":{"line":290,"column":9},"skip":true},"66":{"start":{"line":289,"column":12},"end":{"line":289,"column":18},"skip":true},"67":{"start":{"line":291,"column":8},"end":{"line":293,"column":54},"skip":true},"68":{"start":{"line":296,"column":8},"end":{"line":301,"column":37},"skip":true},"69":{"start":{"line":303,"column":8},"end":{"line":303,"column":82},"skip":true},"70":{"start":{"line":306,"column":8},"end":{"line":308,"column":9},"skip":true},"71":{"start":{"line":307,"column":12},"end":{"line":307,"column":82},"skip":true},"72":{"start":{"line":310,"column":8},"end":{"line":312,"column":9},"skip":true},"73":{"start":{"line":311,"column":12},"end":{"line":311,"column":18},"skip":true},"74":{"start":{"line":313,"column":8},"end":{"line":313,"column":54},"skip":true},"75":{"start":{"line":314,"column":8},"end":{"line":314,"column":69},"skip":true},"76":{"start":{"line":315,"column":8},"end":{"line":323,"column":36},"skip":true},"77":{"start":{"line":316,"column":12},"end":{"line":316,"column":61},"skip":true},"78":{"start":{"line":317,"column":12},"end":{"line":320,"column":13},"skip":true},"79":{"start":{"line":318,"column":16},"end":{"line":318,"column":75},"skip":true},"80":{"start":{"line":319,"column":16},"end":{"line":319,"column":23},"skip":true},"81":{"start":{"line":321,"column":12},"end":{"line":321,"column":38},"skip":true},"82":{"start":{"line":322,"column":12},"end":{"line":322,"column":27},"skip":true},"83":{"start":{"line":324,"column":8},"end":{"line":324,"column":14},"skip":true}},"branchMap":{"1":{"line":39,"type":"binary-expr","locations":[{"start":{"line":39,"column":23},"end":{"line":39,"column":62}},{"start":{"line":40,"column":20},"end":{"line":40,"column":70}},{"start":{"line":41,"column":20},"end":{"line":41,"column":71}},{"start":{"line":42,"column":20},"end":{"line":42,"column":29}}]},"2":{"line":44,"type":"binary-expr","locations":[{"start":{"line":44,"column":23},"end":{"line":44,"column":37}},{"start":{"line":45,"column":20},"end":{"line":45,"column":61}},{"start":{"line":46,"column":20},"end":{"line":46,"column":70}},{"start":{"line":47,"column":20},"end":{"line":47,"column":26}}]},"3":{"line":51,"type":"cond-expr","locations":[{"start":{"line":52,"column":14},"end":{"line":52,"column":20}},{"start":{"line":53,"column":14},"end":{"line":53,"column":20}}]},"4":{"line":55,"type":"binary-expr","locations":[{"start":{"line":55,"column":16},"end":{"line":55,"column":44}},{"start":{"line":55,"column":49},"end":{"line":57,"column":43}}]},"5":{"line":55,"type":"cond-expr","locations":[{"start":{"line":56,"column":14},"end":{"line":56,"column":57}},{"start":{"line":57,"column":14},"end":{"line":57,"column":43}}]},"6":{"line":61,"type":"switch","locations":[{"start":{"line":68,"column":4},"end":{"line":150,"column":14},"skip":true},{"start":{"line":156,"column":4},"end":{"line":324,"column":14},"skip":true}]},"7":{"line":70,"type":"if","locations":[{"start":{"line":70,"column":12},"end":{"line":70,"column":12},"skip":true},{"start":{"line":70,"column":12},"end":{"line":70,"column":12},"skip":true}]},"8":{"line":70,"type":"binary-expr","locations":[{"start":{"line":70,"column":16},"end":{"line":70,"column":22},"skip":true},{"start":{"line":70,"column":27},"end":{"line":70,"column":32},"skip":true},{"start":{"line":71,"column":20},"end":{"line":71,"column":39},"skip":true},{"start":{"line":72,"column":20},"end":{"line":72,"column":49},"skip":true},{"start":{"line":73,"column":20},"end":{"line":73,"column":58},"skip":true},{"start":{"line":74,"column":20},"end":{"line":74,"column":69},"skip":true}]},"9":{"line":79,"type":"switch","locations":[{"start":{"line":80,"column":20},"end":{"line":80,"column":33},"skip":true},{"start":{"line":81,"column":20},"end":{"line":83,"column":30},"skip":true},{"start":{"line":84,"column":20},"end":{"line":85,"column":49},"skip":true}]},"10":{"line":89,"type":"switch","locations":[{"start":{"line":90,"column":12},"end":{"line":103,"column":22},"skip":true},{"start":{"line":105,"column":12},"end":{"line":106,"column":22},"skip":true}]},"11":{"line":89,"type":"binary-expr","locations":[{"start":{"line":89,"column":20},"end":{"line":89,"column":25},"skip":true},{"start":{"line":89,"column":29},"end":{"line":89,"column":48},"skip":true},{"start":{"line":89,"column":52},"end":{"line":89,"column":74},"skip":true}]},"12":{"line":92,"type":"if","locations":[{"start":{"line":92,"column":16},"end":{"line":92,"column":16},"skip":true},{"start":{"line":92,"column":16},"end":{"line":92,"column":16},"skip":true}]},"13":{"line":108,"type":"if","locations":[{"start":{"line":108,"column":12},"end":{"line":108,"column":12},"skip":true},{"start":{"line":108,"column":12},"end":{"line":108,"column":12},"skip":true}]},"14":{"line":108,"type":"binary-expr","locations":[{"start":{"line":108,"column":16},"end":{"line":108,"column":61},"skip":true},{"start":{"line":108,"column":66},"end":{"line":108,"column":72},"skip":true},{"start":{"line":108,"column":77},"end":{"line":108,"column":82},"skip":true},{"start":{"line":109,"column":20},"end":{"line":109,"column":39},"skip":true},{"start":{"line":110,"column":20},"end":{"line":110,"column":49},"skip":true},{"start":{"line":111,"column":20},"end":{"line":111,"column":58},"skip":true},{"start":{"line":112,"column":20},"end":{"line":112,"column":68},"skip":true}]},"15":{"line":129,"type":"if","locations":[{"start":{"line":129,"column":16},"end":{"line":129,"column":16},"skip":true},{"start":{"line":129,"column":16},"end":{"line":129,"column":16},"skip":true}]},"16":{"line":134,"type":"cond-expr","locations":[{"start":{"line":135,"column":26},"end":{"line":135,"column":29},"skip":true},{"start":{"line":136,"column":26},"end":{"line":136,"column":54},"skip":true}]},"17":{"line":164,"type":"binary-expr","locations":[{"start":{"line":164,"column":27},"end":{"line":164,"column":43},"skip":true},{"start":{"line":164,"column":47},"end":{"line":164,"column":49},"skip":true}]},"18":{"line":258,"type":"if","locations":[{"start":{"line":258,"column":8},"end":{"line":258,"column":8},"skip":true},{"start":{"line":258,"column":8},"end":{"line":258,"column":8},"skip":true}]},"19":{"line":275,"type":"switch","locations":[{"start":{"line":276,"column":20},"end":{"line":277,"column":64},"skip":true},{"start":{"line":278,"column":20},"end":{"line":279,"column":40},"skip":true},{"start":{"line":280,"column":20},"end":{"line":281,"column":40},"skip":true},{"start":{"line":282,"column":20},"end":{"line":283,"column":39},"skip":true}]},"20":{"line":288,"type":"if","locations":[{"start":{"line":288,"column":8},"end":{"line":288,"column":8},"skip":true},{"start":{"line":288,"column":8},"end":{"line":288,"column":8},"skip":true}]},"21":{"line":288,"type":"binary-expr","locations":[{"start":{"line":288,"column":12},"end":{"line":288,"column":40},"skip":true},{"start":{"line":288,"column":44},"end":{"line":288,"column":67},"skip":true}]},"22":{"line":292,"type":"binary-expr","locations":[{"start":{"line":292,"column":12},"end":{"line":292,"column":50},"skip":true},{"start":{"line":293,"column":12},"end":{"line":293,"column":53},"skip":true}]},"23":{"line":297,"type":"binary-expr","locations":[{"start":{"line":297,"column":12},"end":{"line":297,"column":71},"skip":true},{"start":{"line":298,"column":12},"end":{"line":301,"column":36},"skip":true}]},"24":{"line":303,"type":"binary-expr","locations":[{"start":{"line":303,"column":43},"end":{"line":303,"column":75},"skip":true},{"start":{"line":303,"column":79},"end":{"line":303,"column":81},"skip":true}]},"25":{"line":306,"type":"if","locations":[{"start":{"line":306,"column":8},"end":{"line":306,"column":8},"skip":true},{"start":{"line":306,"column":8},"end":{"line":306,"column":8},"skip":true}]},"26":{"line":310,"type":"if","locations":[{"start":{"line":310,"column":8},"end":{"line":310,"column":8},"skip":true},{"start":{"line":310,"column":8},"end":{"line":310,"column":8},"skip":true}]},"27":{"line":313,"type":"binary-expr","locations":[{"start":{"line":313,"column":27},"end":{"line":313,"column":43},"skip":true},{"start":{"line":313,"column":47},"end":{"line":313,"column":53},"skip":true}]},"28":{"line":317,"type":"if","locations":[{"start":{"line":317,"column":12},"end":{"line":317,"column":12},"skip":true},{"start":{"line":317,"column":12},"end":{"line":317,"column":12},"skip":true}]}},"code":["/*","example.js","","quickstart example","","instruction","    1. save this script as example.js","    2. run the shell command:","        $ npm install npmtest-angular2-grid && PORT=8081 node example.js","    3. play with the browser-demo on http://127.0.0.1:8081","*/","","","","/* istanbul instrument in package npmtest_angular2_grid */","/*jslint","    bitwise: true,","    browser: true,","    maxerr: 8,","    maxlen: 96,","    node: true,","    nomen: true,","    regexp: true,","    stupid: true","*/","(function () {","    'use strict';","    var local;","","","","    // run shared js-env code - pre-init","    (function () {","        // init local","        local = {};","        // init modeJs","        local.modeJs = (function () {","            try {","                return typeof navigator.userAgent === 'string' &&","                    typeof document.querySelector('body') === 'object' &&","                    typeof XMLHttpRequest.prototype.open === 'function' &&","                    'browser';","            } catch (errorCaughtBrowser) {","                return module.exports &&","                    typeof process.versions.node === 'string' &&","                    typeof require('http').createServer === 'function' &&","                    'node';","            }","        }());","        // init global","        local.global = local.modeJs === 'browser'","            ? window","            : global;","        // init utility2_rollup","        local = local.global.utility2_rollup || (local.modeJs === 'browser'","            ? local.global.utility2_npmtest_angular2_grid","            : global.utility2_moduleExports);","        // export local","        local.global.local = local;","    }());","    switch (local.modeJs) {","","","","    // post-init","    // run browser js-env code - post-init","    /* istanbul ignore next */","    case 'browser':","        local.testRunBrowser = function (event) {","            if (!event || (event &&","                    event.currentTarget &&","                    event.currentTarget.className &&","                    event.currentTarget.className.includes &&","                    event.currentTarget.className.includes('onreset'))) {","                // reset output","                Array.from(","                    document.querySelectorAll('body > .resettable')","                ).forEach(function (element) {","                    switch (element.tagName) {","                    case 'INPUT':","                    case 'TEXTAREA':","                        element.value = '';","                        break;","                    default:","                        element.textContent = '';","                    }","                });","            }","            switch (event && event.currentTarget && event.currentTarget.id) {","            case 'testRunButton1':","                // show tests","                if (document.querySelector('#testReportDiv1').style.display === 'none') {","                    document.querySelector('#testReportDiv1').style.display = 'block';","                    document.querySelector('#testRunButton1').textContent =","                        'hide internal test';","                    local.modeTest = true;","                    local.testRunDefault(local);","                // hide tests","                } else {","                    document.querySelector('#testReportDiv1').style.display = 'none';","                    document.querySelector('#testRunButton1').textContent = 'run internal test';","                }","                break;","            // custom-case","            default:","                break;","            }","            if (document.querySelector('#inputTextareaEval1') && (!event || (event &&","                    event.currentTarget &&","                    event.currentTarget.className &&","                    event.currentTarget.className.includes &&","                    event.currentTarget.className.includes('oneval')))) {","                // try to eval input-code","                try {","                    /*jslint evil: true*/","                    eval(document.querySelector('#inputTextareaEval1').value);","                } catch (errorCaught) {","                    console.error(errorCaught);","                }","            }","        };","        // log stderr and stdout to #outputTextareaStdout1","        ['error', 'log'].forEach(function (key) {","            console[key + '_original'] = console[key];","            console[key] = function () {","                var element;","                console[key + '_original'].apply(console, arguments);","                element = document.querySelector('#outputTextareaStdout1');","                if (!element) {","                    return;","                }","                // append text to #outputTextareaStdout1","                element.value += Array.from(arguments).map(function (arg) {","                    return typeof arg === 'string'","                        ? arg","                        : JSON.stringify(arg, null, 4);","                }).join(' ') + '\\n';","                // scroll textarea to bottom","                element.scrollTop = element.scrollHeight;","            };","        });","        // init event-handling","        ['change', 'click', 'keyup'].forEach(function (event) {","            Array.from(document.querySelectorAll('.on' + event)).forEach(function (element) {","                element.addEventListener(event, local.testRunBrowser);","            });","        });","        // run tests","        local.testRunBrowser();","        break;","","","","    // run node js-env code - post-init","    /* istanbul ignore next */","    case 'node':","        // export local","        module.exports = local;","        // require modules","        local.fs = require('fs');","        local.http = require('http');","        local.url = require('url');","        // init assets","        local.assetsDict = local.assetsDict || {};","        /* jslint-ignore-begin */","        local.assetsDict['/assets.index.template.html'] = '\\","<!doctype html>\\n\\","<html lang=\"en\">\\n\\","<head>\\n\\","<meta charset=\"UTF-8\">\\n\\","<meta name=\"viewport\" content=\"width=device-width, initial-scale=1\">\\n\\","<title>{{env.npm_package_name}} (v{{env.npm_package_version}})</title>\\n\\","<style>\\n\\","/*csslint\\n\\","    box-sizing: false,\\n\\","    universal-selector: false\\n\\","*/\\n\\","* {\\n\\","    box-sizing: border-box;\\n\\","}\\n\\","body {\\n\\","    background: #dde;\\n\\","    font-family: Arial, Helvetica, sans-serif;\\n\\","    margin: 2rem;\\n\\","}\\n\\","body > * {\\n\\","    margin-bottom: 1rem;\\n\\","}\\n\\",".utility2FooterDiv {\\n\\","    margin-top: 20px;\\n\\","    text-align: center;\\n\\","}\\n\\","</style>\\n\\","<style>\\n\\","/*csslint\\n\\","*/\\n\\","textarea {\\n\\","    font-family: monospace;\\n\\","    height: 10rem;\\n\\","    width: 100%;\\n\\","}\\n\\","textarea[readonly] {\\n\\","    background: #ddd;\\n\\","}\\n\\","</style>\\n\\","</head>\\n\\","<body>\\n\\","<!-- utility2-comment\\n\\","<div id=\"ajaxProgressDiv1\" style=\"background: #d00; height: 2px; left: 0; margin: 0; padding: 0; position: fixed; top: 0; transition: background 0.5s, width 1.5s; width: 25%;\"></div>\\n\\","utility2-comment -->\\n\\","<h1>\\n\\","<!-- utility2-comment\\n\\","    <a\\n\\","        {{#if env.npm_package_homepage}}\\n\\","        href=\"{{env.npm_package_homepage}}\"\\n\\","        {{/if env.npm_package_homepage}}\\n\\","        target=\"_blank\"\\n\\","    >\\n\\","utility2-comment -->\\n\\","        {{env.npm_package_name}} (v{{env.npm_package_version}})\\n\\","<!-- utility2-comment\\n\\","    </a>\\n\\","utility2-comment -->\\n\\","</h1>\\n\\","<h3>{{env.npm_package_description}}</h3>\\n\\","<!-- utility2-comment\\n\\","<h4><a download href=\"assets.app.js\">download standalone app</a></h4>\\n\\","<button class=\"onclick onreset\" id=\"testRunButton1\">run internal test</button><br>\\n\\","<div id=\"testReportDiv1\" style=\"display: none;\"></div>\\n\\","utility2-comment -->\\n\\","\\n\\","\\n\\","\\n\\","<label>stderr and stdout</label>\\n\\","<textarea class=\"resettable\" id=\"outputTextareaStdout1\" readonly></textarea>\\n\\","<!-- utility2-comment\\n\\","{{#if isRollup}}\\n\\","<script src=\"assets.app.js\"></script>\\n\\","{{#unless isRollup}}\\n\\","utility2-comment -->\\n\\","<script src=\"assets.utility2.rollup.js\"></script>\\n\\","<script src=\"jsonp.utility2._stateInit?callback=window.utility2._stateInit\"></script>\\n\\","<script src=\"assets.npmtest_angular2_grid.rollup.js\"></script>\\n\\","<script src=\"assets.example.js\"></script>\\n\\","<script src=\"assets.test.js\"></script>\\n\\","<!-- utility2-comment\\n\\","{{/if isRollup}}\\n\\","utility2-comment -->\\n\\","<div class=\"utility2FooterDiv\">\\n\\","    [ this app was created with\\n\\","    <a href=\"https://github.com/kaizhu256/node-utility2\" target=\"_blank\">utility2</a>\\n\\","    ]\\n\\","</div>\\n\\","</body>\\n\\","</html>\\n\\","';","        /* jslint-ignore-end */","        if (local.templateRender) {","            local.assetsDict['/'] = local.templateRender(","                local.assetsDict['/assets.index.template.html'],","                {","                    env: local.objectSetDefault(local.env, {","                        npm_package_description: 'the greatest app in the world!',","                        npm_package_name: 'my-app',","                        npm_package_nameAlias: 'my_app',","                        npm_package_version: '0.0.1'","                    })","                }","            );","        } else {","            local.assetsDict['/'] = local.assetsDict['/assets.index.template.html']","                .replace((/\\{\\{env\\.(\\w+?)\\}\\}/g), function (match0, match1) {","                    // jslint-hack","                    String(match0);","                    switch (match1) {","                    case 'npm_package_description':","                        return 'the greatest app in the world!';","                    case 'npm_package_name':","                        return 'my-app';","                    case 'npm_package_nameAlias':","                        return 'my_app';","                    case 'npm_package_version':","                        return '0.0.1';","                    }","                });","        }","        // run the cli","        if (local.global.utility2_rollup || module !== require.main) {","            break;","        }","        local.assetsDict['/assets.example.js'] =","            local.assetsDict['/assets.example.js'] ||","            local.fs.readFileSync(__filename, 'utf8');","        // bug-workaround - long $npm_package_buildCustomOrg","        /* jslint-ignore-begin */","        local.assetsDict['/assets.npmtest_angular2_grid.rollup.js'] =","            local.assetsDict['/assets.npmtest_angular2_grid.rollup.js'] ||","            local.fs.readFileSync(","                local.npmtest_angular2_grid.__dirname + '/lib.npmtest_angular2_grid.js',","                'utf8'","            ).replace((/^#!/), '//');","        /* jslint-ignore-end */","        local.assetsDict['/favicon.ico'] = local.assetsDict['/favicon.ico'] || '';","        // if $npm_config_timeout_exit exists,","        // then exit this process after $npm_config_timeout_exit ms","        if (Number(process.env.npm_config_timeout_exit)) {","            setTimeout(process.exit, Number(process.env.npm_config_timeout_exit));","        }","        // start server","        if (local.global.utility2_serverHttp1) {","            break;","        }","        process.env.PORT = process.env.PORT || '8081';","        console.error('server starting on port ' + process.env.PORT);","        local.http.createServer(function (request, response) {","            request.urlParsed = local.url.parse(request.url);","            if (local.assetsDict[request.urlParsed.pathname] !== undefined) {","                response.end(local.assetsDict[request.urlParsed.pathname]);","                return;","            }","            response.statusCode = 404;","            response.end();","        }).listen(process.env.PORT);","        break;","    }","}());",""],"l":{"26":2,"28":2,"33":2,"35":2,"37":2,"38":2,"39":2,"44":1,"51":2,"55":2,"59":2,"61":2,"69":1,"70":2,"76":2,"79":2,"82":2,"83":2,"85":1,"89":2,"92":1,"93":1,"94":1,"96":1,"97":1,"100":1,"101":1,"103":1,"106":1,"108":2,"114":1,"116":1,"118":1,"123":1,"124":2,"125":2,"126":3,"127":3,"128":3,"129":3,"130":1,"133":3,"134":3,"139":3,"143":1,"144":3,"145":1,"149":1,"150":1,"158":1,"160":1,"161":1,"162":1,"164":1,"166":1,"258":1,"259":1,"271":1,"274":6,"275":6,"277":1,"279":2,"281":1,"283":2,"288":1,"289":1,"291":1,"296":1,"303":1,"306":1,"307":1,"310":1,"311":1,"313":1,"314":1,"315":1,"316":1,"317":1,"318":1,"319":1,"321":1,"322":1,"324":1}},"/home/travis/build/npmtest/node-npmtest-angular2-grid/node_modules/angular2-grid/bundles/NgGrid.umd.min.js":{"path":"/home/travis/build/npmtest/node-npmtest-angular2-grid/node_modules/angular2-grid/bundles/NgGrid.umd.min.js","s":{"1":1,"2":1,"3":1,"4":1,"5":0,"6":1,"7":0,"8":0,"9":0,"10":0,"11":0,"12":0,"13":0,"14":0,"15":0,"16":0,"17":0,"18":0,"19":0,"20":0,"21":0,"22":0,"23":0,"24":0,"25":0,"26":0,"27":0,"28":0,"29":1,"30":0,"31":1,"32":0,"33":0,"34":0,"35":0,"36":0,"37":0,"38":0,"39":0,"40":0,"41":0,"42":0,"43":0,"44":0,"45":0,"46":0,"47":0,"48":0,"49":0,"50":0,"51":0,"52":0,"53":0,"54":0,"55":0,"56":0,"57":0,"58":0,"59":0,"60":0,"61":0,"62":0,"63":0,"64":0,"65":0,"66":0,"67":0,"68":0,"69":0,"70":0,"71":0,"72":0,"73":0,"74":0,"75":0,"76":0,"77":0,"78":0,"79":0,"80":0,"81":0,"82":0,"83":0,"84":0,"85":0,"86":0,"87":0,"88":0,"89":0,"90":0,"91":0,"92":0,"93":0,"94":0,"95":0,"96":0,"97":0,"98":0,"99":0,"100":0,"101":0,"102":0,"103":0,"104":0,"105":0,"106":0,"107":0,"108":0,"109":0,"110":0,"111":0,"112":0,"113":0,"114":0,"115":0,"116":0,"117":0,"118":0,"119":0,"120":0,"121":0,"122":0,"123":0,"124":0,"125":0,"126":0,"127":0,"128":0,"129":0,"130":0,"131":0,"132":0,"133":0,"134":0,"135":0,"136":0,"137":0,"138":0,"139":0,"140":0,"141":0,"142":0,"143":0,"144":0,"145":0,"146":0,"147":0,"148":0,"149":0,"150":0,"151":0,"152":0,"153":0,"154":0,"155":0,"156":0,"157":0,"158":0,"159":0,"160":0,"161":0,"162":0,"163":0,"164":0,"165":0,"166":0,"167":0,"168":0,"169":0,"170":0,"171":0,"172":0,"173":0,"174":0,"175":0,"176":0,"177":0,"178":0,"179":0,"180":0,"181":0,"182":0,"183":0,"184":0,"185":0,"186":0,"187":0,"188":0,"189":0,"190":0,"191":0,"192":0,"193":0,"194":0,"195":0,"196":0,"197":0,"198":0,"199":0,"200":0,"201":0,"202":0,"203":0,"204":0,"205":0,"206":0,"207":0,"208":0,"209":0,"210":0,"211":0,"212":0,"213":0,"214":0,"215":0,"216":0,"217":0,"218":0,"219":0,"220":0,"221":0,"222":0,"223":0,"224":0,"225":0,"226":0,"227":0,"228":0,"229":0,"230":0,"231":0,"232":0,"233":0,"234":0,"235":0,"236":0,"237":0,"238":0,"239":0,"240":0,"241":0,"242":0,"243":0,"244":0,"245":0,"246":0,"247":0,"248":0,"249":0,"250":0,"251":0,"252":0,"253":0,"254":0,"255":0,"256":0,"257":0,"258":0,"259":0,"260":0,"261":0,"262":0,"263":0,"264":0,"265":0,"266":0,"267":0,"268":0,"269":0,"270":0,"271":0,"272":0,"273":0,"274":0,"275":0,"276":0,"277":0,"278":0,"279":0,"280":0,"281":0,"282":0,"283":0,"284":0,"285":0,"286":0,"287":0,"288":0,"289":0,"290":0,"291":0,"292":0,"293":0,"294":0,"295":0,"296":0,"297":0,"298":0,"299":0,"300":0,"301":0,"302":0,"303":0,"304":0,"305":0,"306":0,"307":0,"308":0,"309":0,"310":0,"311":0,"312":0,"313":0,"314":0,"315":0,"316":0,"317":0,"318":0,"319":0,"320":0,"321":0,"322":0,"323":0,"324":0,"325":0,"326":0,"327":0,"328":0,"329":0,"330":0,"331":0,"332":0,"333":0,"334":0,"335":0,"336":0,"337":0,"338":0,"339":0,"340":0,"341":0,"342":0,"343":0,"344":0,"345":0,"346":0,"347":0,"348":0,"349":0,"350":0,"351":0,"352":0,"353":0,"354":0,"355":0,"356":1,"357":0,"358":1,"359":0,"360":0,"361":0,"362":0,"363":8,"364":8,"365":8,"366":8,"367":8,"368":8,"369":0,"370":0,"371":0,"372":0,"373":0,"374":0,"375":0,"376":0,"377":0,"378":0,"379":0,"380":0,"381":0,"382":0,"383":0,"384":0,"385":0,"386":0,"387":0,"388":0,"389":0,"390":0,"391":0,"392":0,"393":0,"394":0,"395":0,"396":0,"397":0,"398":0,"399":0,"400":0,"401":0,"402":0,"403":0,"404":0,"405":0,"406":0,"407":0,"408":0,"409":0,"410":0,"411":0,"412":0,"413":0,"414":0,"415":0,"416":0,"417":0,"418":0,"419":0,"420":0,"421":0,"422":0,"423":0,"424":0,"425":0,"426":0,"427":0,"428":0,"429":0,"430":0,"431":0,"432":0,"433":0,"434":0,"435":0,"436":0,"437":0,"438":0,"439":0,"440":0,"441":0,"442":0,"443":0,"444":0,"445":0,"446":0,"447":0,"448":0,"449":0,"450":0,"451":0,"452":0,"453":0,"454":0,"455":0,"456":0,"457":0,"458":0,"459":0,"460":0,"461":0,"462":0,"463":0,"464":0,"465":0,"466":0,"467":0,"468":0,"469":0,"470":0,"471":0,"472":0,"473":0,"474":1,"475":1,"476":0,"477":1},"b":{"1":[1,0],"2":[1,1],"3":[0,0],"4":[0,0],"5":[0,0],"6":[0,0],"7":[0,0],"8":[0,0,0,0,0],"9":[0,0,0,0,0],"10":[0,0,0],"11":[0,0],"12":[0,0],"13":[0,0,0,0,0,0,0,0,0,0,0,0,0,0,0,0,0,0,0,0,0],"14":[0,0],"15":[0,0],"16":[0,0],"17":[0,0],"18":[0,0],"19":[0,0],"20":[0,0],"21":[0,0],"22":[0,0],"23":[0,0],"24":[0,0],"25":[0,0,0,0,0],"26":[0,0],"27":[0,0],"28":[0,0],"29":[0,0,0],"30":[0,0],"31":[0,0,0],"32":[0,0,0],"33":[0,0],"34":[0,0],"35":[0,0,0],"36":[0,0,0],"37":[0,0],"38":[0,0],"39":[0,0],"40":[0,0],"41":[0,0],"42":[0,0],"43":[0,0],"44":[0,0],"45":[0,0],"46":[0,0],"47":[0,0],"48":[0,0],"49":[0,0,0],"50":[0,0],"51":[0,0],"52":[0,0,0],"53":[0,0],"54":[0,0],"55":[0,0],"56":[0,0],"57":[0,0],"58":[0,0],"59":[0,0,0],"60":[0,0],"61":[0,0],"62":[0,0,0],"63":[0,0],"64":[0,0,0],"65":[0,0],"66":[0,0],"67":[0,0,0],"68":[0,0,0],"69":[0,0],"70":[0,0],"71":[0,0],"72":[0,0],"73":[0,0,0],"74":[0,0],"75":[0,0],"76":[0,0,0],"77":[0,0],"78":[0,0],"79":[0,0],"80":[0,0],"81":[0,0],"82":[0,0],"83":[0,0],"84":[0,0],"85":[0,0],"86":[0,0],"87":[0,0],"88":[0,0],"89":[0,0,0,0],"90":[0,0,0],"91":[0,0],"92":[0,0],"93":[0,0],"94":[0,0],"95":[0,0],"96":[0,0],"97":[0,0],"98":[0,0],"99":[0,0],"100":[0,0],"101":[0,0],"102":[0,0],"103":[0,0],"104":[0,0],"105":[0,0],"106":[0,0,0],"107":[0,0],"108":[0,0],"109":[0,0],"110":[0,0],"111":[0,0],"112":[0,0],"113":[0,0],"114":[0,0],"115":[0,0],"116":[0,0],"117":[0,0],"118":[0,0,0],"119":[0,0],"120":[0,0],"121":[0,0],"122":[0,0,0,0,0],"123":[0,0],"124":[0,0],"125":[0,0],"126":[0,0],"127":[0,0],"128":[0,0],"129":[0,0],"130":[0,0],"131":[0,0],"132":[0,0],"133":[0,0],"134":[0,0],"135":[0,0],"136":[0,0],"137":[0,0],"138":[0,0],"139":[0,0],"140":[0,0,0,0,0],"141":[0,0],"142":[0,0],"143":[0,0],"144":[0,0,0,0],"145":[0,0],"146":[0,0],"147":[0,0,0],"148":[0,0,0,0],"149":[0,0],"150":[0,0],"151":[0,0],"152":[0,0],"153":[0,0],"154":[0,0,0,0],"155":[0,0],"156":[0,0,0,0],"157":[0,0,0,0,0],"158":[0,0],"159":[0,0],"160":[0,0],"161":[0,0],"162":[0,0],"163":[0,0],"164":[0,0],"165":[0,0,0,0,0,0,0,0,0],"166":[0,0,0],"167":[0,0],"168":[0,0],"169":[0,0],"170":[0,0],"171":[0,0],"172":[0,0],"173":[0,0],"174":[0,0,0,0,0,0,0,0,0],"175":[0,0,0],"176":[0,0],"177":[0,0],"178":[0,0],"179":[0,0,0,0,0],"180":[0,0],"181":[0,0],"182":[0,0],"183":[0,0],"184":[0,0],"185":[0,0],"186":[0,0],"187":[0,0],"188":[0,0],"189":[0,0],"190":[0,0],"191":[0,0],"192":[0,0,0],"193":[0,0,0,0,0],"194":[0,0],"195":[0,0],"196":[0,0],"197":[0,0,0],"198":[0,0,0,0,0],"199":[0,0],"200":[0,0],"201":[0,0,0,0],"202":[0,0],"203":[0,0,0],"204":[0,0],"205":[0,0],"206":[0,0],"207":[0,0,0],"208":[0,0],"209":[0,0],"210":[0,0],"211":[0,0],"212":[0,0],"213":[0,0],"214":[0,0,0,0],"215":[0,0],"216":[0,0],"217":[0,0],"218":[0,0],"219":[0,0],"220":[0,0],"221":[0,0,0],"222":[0,0],"223":[0,0,0,0],"224":[0,0],"225":[0,0],"226":[0,0],"227":[0,0],"228":[0,0],"229":[0,0],"230":[0,0],"231":[0,0],"232":[0,0],"233":[0,0],"234":[0,0],"235":[0,0],"236":[0,0],"237":[0,0],"238":[0,0],"239":[0,0],"240":[0,0],"241":[0,0],"242":[0,0],"243":[0,0],"244":[0,0],"245":[0,0],"246":[0,0],"247":[0,0],"248":[0,0],"249":[0,0],"250":[0,0],"251":[0,0,0,0],"252":[0,0,0,0],"253":[0,0],"254":[0,0],"255":[0,0],"256":[0,0],"257":[0,0],"258":[0,0],"259":[0,0],"260":[0,0,0,0,0],"261":[0,0,0,0,0],"262":[0,0],"263":[0,0],"264":[0,0],"265":[0,0],"266":[0,0,0],"267":[0,0,0],"268":[0,0,0],"269":[0,0,0],"270":[0,0],"271":[0,0],"272":[0,0],"273":[0,0],"274":[0,0],"275":[0,0],"276":[0,0],"277":[0,0],"278":[0,0],"279":[0,0],"280":[0,0],"281":[0,0],"282":[0,0],"283":[0,0],"284":[0,0],"285":[0,0],"286":[0,0]},"f":{"1":1,"2":1,"3":1,"4":0,"5":0,"6":0,"7":0,"8":0,"9":0,"10":0,"11":0,"12":0,"13":0,"14":0,"15":1,"16":0,"17":0,"18":0,"19":0,"20":0,"21":0,"22":0,"23":0,"24":0,"25":0,"26":0,"27":0,"28":0,"29":0,"30":0,"31":0,"32":0,"33":0,"34":0,"35":0,"36":0,"37":0,"38":0,"39":0,"40":0,"41":0,"42":0,"43":0,"44":0,"45":0,"46":0,"47":0,"48":0,"49":0,"50":0,"51":0,"52":0,"53":0,"54":0,"55":0,"56":0,"57":0,"58":0,"59":0,"60":0,"61":0,"62":0,"63":0,"64":0,"65":0,"66":0,"67":0,"68":0,"69":0,"70":0,"71":0,"72":0,"73":0,"74":0,"75":0,"76":0,"77":0,"78":0,"79":0,"80":0,"81":0,"82":0,"83":1,"84":0,"85":0,"86":8,"87":8,"88":8,"89":8,"90":8,"91":8,"92":0,"93":0,"94":0,"95":0,"96":0,"97":0,"98":0,"99":0,"100":0,"101":0,"102":0,"103":0,"104":0,"105":0,"106":0,"107":0,"108":0,"109":0,"110":0,"111":0,"112":0,"113":0,"114":0,"115":0,"116":0,"117":0,"118":0,"119":0,"120":0,"121":0,"122":0,"123":0,"124":0,"125":0,"126":0,"127":0,"128":0,"129":0,"130":0,"131":0,"132":0,"133":0,"134":0,"135":1,"136":0,"137":0},"fnMap":{"1":{"name":"(anonymous_1)","line":1,"loc":{"start":{"line":1,"column":1},"end":{"line":1,"column":14}}},"2":{"name":"(anonymous_2)","line":1,"loc":{"start":{"line":1,"column":239},"end":{"line":1,"column":252}}},"3":{"name":"(anonymous_3)","line":1,"loc":{"start":{"line":1,"column":272},"end":{"line":1,"column":282}}},"4":{"name":"t","line":1,"loc":{"start":{"line":1,"column":283},"end":{"line":1,"column":298}}},"5":{"name":"(anonymous_5)","line":1,"loc":{"start":{"line":1,"column":361},"end":{"line":1,"column":372}}},"6":{"name":"(anonymous_6)","line":1,"loc":{"start":{"line":1,"column":410},"end":{"line":1,"column":420}}},"7":{"name":"(anonymous_7)","line":1,"loc":{"start":{"line":1,"column":624},"end":{"line":1,"column":635}}},"8":{"name":"(anonymous_8)","line":1,"loc":{"start":{"line":1,"column":708},"end":{"line":1,"column":719}}},"9":{"name":"(anonymous_9)","line":1,"loc":{"start":{"line":1,"column":793},"end":{"line":1,"column":804}}},"10":{"name":"(anonymous_10)","line":1,"loc":{"start":{"line":1,"column":1767},"end":{"line":1,"column":1780}}},"11":{"name":"(anonymous_11)","line":1,"loc":{"start":{"line":1,"column":1952},"end":{"line":1,"column":1965}}},"12":{"name":"(anonymous_12)","line":1,"loc":{"start":{"line":1,"column":2389},"end":{"line":1,"column":2399}}},"13":{"name":"(anonymous_13)","line":1,"loc":{"start":{"line":1,"column":2707},"end":{"line":1,"column":2717}}},"14":{"name":"(anonymous_14)","line":1,"loc":{"start":{"line":1,"column":3062},"end":{"line":1,"column":3072}}},"15":{"name":"(anonymous_15)","line":1,"loc":{"start":{"line":1,"column":3127},"end":{"line":1,"column":3137}}},"16":{"name":"t","line":1,"loc":{"start":{"line":1,"column":3138},"end":{"line":1,"column":3159}}},"17":{"name":"(anonymous_17)","line":1,"loc":{"start":{"line":1,"column":4394},"end":{"line":1,"column":4405}}},"18":{"name":"(anonymous_18)","line":1,"loc":{"start":{"line":1,"column":4568},"end":{"line":1,"column":4578}}},"19":{"name":"(anonymous_19)","line":1,"loc":{"start":{"line":1,"column":4795},"end":{"line":1,"column":4805}}},"20":{"name":"(anonymous_20)","line":1,"loc":{"start":{"line":1,"column":4848},"end":{"line":1,"column":4859}}},"21":{"name":"(anonymous_21)","line":1,"loc":{"start":{"line":1,"column":7559},"end":{"line":1,"column":7570}}},"22":{"name":"(anonymous_22)","line":1,"loc":{"start":{"line":1,"column":7636},"end":{"line":1,"column":7647}}},"23":{"name":"(anonymous_23)","line":1,"loc":{"start":{"line":1,"column":7703},"end":{"line":1,"column":7713}}},"24":{"name":"(anonymous_24)","line":1,"loc":{"start":{"line":1,"column":7851},"end":{"line":1,"column":7862}}},"25":{"name":"(anonymous_25)","line":1,"loc":{"start":{"line":1,"column":8216},"end":{"line":1,"column":8226}}},"26":{"name":"(anonymous_26)","line":1,"loc":{"start":{"line":1,"column":8271},"end":{"line":1,"column":8281}}},"27":{"name":"(anonymous_27)","line":1,"loc":{"start":{"line":1,"column":8327},"end":{"line":1,"column":8337}}},"28":{"name":"(anonymous_28)","line":1,"loc":{"start":{"line":1,"column":8386},"end":{"line":1,"column":8396}}},"29":{"name":"(anonymous_29)","line":1,"loc":{"start":{"line":1,"column":8439},"end":{"line":1,"column":8450}}},"30":{"name":"(anonymous_30)","line":1,"loc":{"start":{"line":1,"column":8709},"end":{"line":1,"column":8720}}},"31":{"name":"(anonymous_31)","line":1,"loc":{"start":{"line":1,"column":8902},"end":{"line":1,"column":8913}}},"32":{"name":"(anonymous_32)","line":1,"loc":{"start":{"line":1,"column":8993},"end":{"line":1,"column":9004}}},"33":{"name":"(anonymous_33)","line":1,"loc":{"start":{"line":1,"column":9134},"end":{"line":1,"column":9144}}},"34":{"name":"(anonymous_34)","line":1,"loc":{"start":{"line":1,"column":9209},"end":{"line":1,"column":9220}}},"35":{"name":"(anonymous_35)","line":1,"loc":{"start":{"line":1,"column":9537},"end":{"line":1,"column":9548}}},"36":{"name":"(anonymous_36)","line":1,"loc":{"start":{"line":1,"column":9773},"end":{"line":1,"column":9784}}},"37":{"name":"(anonymous_37)","line":1,"loc":{"start":{"line":1,"column":9992},"end":{"line":1,"column":10003}}},"38":{"name":"(anonymous_38)","line":1,"loc":{"start":{"line":1,"column":10302},"end":{"line":1,"column":10312}}},"39":{"name":"(anonymous_39)","line":1,"loc":{"start":{"line":1,"column":10749},"end":{"line":1,"column":10759}}},"40":{"name":"(anonymous_40)","line":1,"loc":{"start":{"line":1,"column":11216},"end":{"line":1,"column":11226}}},"41":{"name":"(anonymous_41)","line":1,"loc":{"start":{"line":1,"column":11639},"end":{"line":1,"column":11649}}},"42":{"name":"(anonymous_42)","line":1,"loc":{"start":{"line":1,"column":11762},"end":{"line":1,"column":11773}}},"43":{"name":"(anonymous_43)","line":1,"loc":{"start":{"line":1,"column":11804},"end":{"line":1,"column":11815}}},"44":{"name":"(anonymous_44)","line":1,"loc":{"start":{"line":1,"column":11871},"end":{"line":1,"column":11882}}},"45":{"name":"(anonymous_45)","line":1,"loc":{"start":{"line":1,"column":11938},"end":{"line":1,"column":11949}}},"46":{"name":"(anonymous_46)","line":1,"loc":{"start":{"line":1,"column":12031},"end":{"line":1,"column":12042}}},"47":{"name":"(anonymous_47)","line":1,"loc":{"start":{"line":1,"column":12373},"end":{"line":1,"column":12384}}},"48":{"name":"(anonymous_48)","line":1,"loc":{"start":{"line":1,"column":12783},"end":{"line":1,"column":12793}}},"49":{"name":"(anonymous_49)","line":1,"loc":{"start":{"line":1,"column":12905},"end":{"line":1,"column":12915}}},"50":{"name":"(anonymous_50)","line":1,"loc":{"start":{"line":1,"column":13007},"end":{"line":1,"column":13018}}},"51":{"name":"(anonymous_51)","line":1,"loc":{"start":{"line":1,"column":14069},"end":{"line":1,"column":14080}}},"52":{"name":"(anonymous_52)","line":1,"loc":{"start":{"line":1,"column":15504},"end":{"line":1,"column":15515}}},"53":{"name":"(anonymous_53)","line":1,"loc":{"start":{"line":1,"column":15962},"end":{"line":1,"column":15973}}},"54":{"name":"(anonymous_54)","line":1,"loc":{"start":{"line":1,"column":16382},"end":{"line":1,"column":16395}}},"55":{"name":"(anonymous_55)","line":1,"loc":{"start":{"line":1,"column":16577},"end":{"line":1,"column":16590}}},"56":{"name":"(anonymous_56)","line":1,"loc":{"start":{"line":1,"column":17029},"end":{"line":1,"column":17042}}},"57":{"name":"(anonymous_57)","line":1,"loc":{"start":{"line":1,"column":17390},"end":{"line":1,"column":17403}}},"58":{"name":"(anonymous_58)","line":1,"loc":{"start":{"line":1,"column":17471},"end":{"line":1,"column":17482}}},"59":{"name":"(anonymous_59)","line":1,"loc":{"start":{"line":1,"column":17531},"end":{"line":1,"column":17544}}},"60":{"name":"(anonymous_60)","line":1,"loc":{"start":{"line":1,"column":17834},"end":{"line":1,"column":17849}}},"61":{"name":"(anonymous_61)","line":1,"loc":{"start":{"line":1,"column":18396},"end":{"line":1,"column":18407}}},"62":{"name":"(anonymous_62)","line":1,"loc":{"start":{"line":1,"column":18441},"end":{"line":1,"column":18454}}},"63":{"name":"(anonymous_63)","line":1,"loc":{"start":{"line":1,"column":19927},"end":{"line":1,"column":19942}}},"64":{"name":"(anonymous_64)","line":1,"loc":{"start":{"line":1,"column":21782},"end":{"line":1,"column":21795}}},"65":{"name":"(anonymous_65)","line":1,"loc":{"start":{"line":1,"column":22115},"end":{"line":1,"column":22128}}},"66":{"name":"(anonymous_66)","line":1,"loc":{"start":{"line":1,"column":22272},"end":{"line":1,"column":22285}}},"67":{"name":"(anonymous_67)","line":1,"loc":{"start":{"line":1,"column":22367},"end":{"line":1,"column":22380}}},"68":{"name":"(anonymous_68)","line":1,"loc":{"start":{"line":1,"column":22467},"end":{"line":1,"column":22478}}},"69":{"name":"(anonymous_69)","line":1,"loc":{"start":{"line":1,"column":22813},"end":{"line":1,"column":22824}}},"70":{"name":"(anonymous_70)","line":1,"loc":{"start":{"line":1,"column":22962},"end":{"line":1,"column":22975}}},"71":{"name":"(anonymous_71)","line":1,"loc":{"start":{"line":1,"column":23439},"end":{"line":1,"column":23449}}},"72":{"name":"(anonymous_72)","line":1,"loc":{"start":{"line":1,"column":23493},"end":{"line":1,"column":23504}}},"73":{"name":"(anonymous_73)","line":1,"loc":{"start":{"line":1,"column":23579},"end":{"line":1,"column":23589}}},"74":{"name":"(anonymous_74)","line":1,"loc":{"start":{"line":1,"column":23633},"end":{"line":1,"column":23644}}},"75":{"name":"(anonymous_75)","line":1,"loc":{"start":{"line":1,"column":23726},"end":{"line":1,"column":23737}}},"76":{"name":"(anonymous_76)","line":1,"loc":{"start":{"line":1,"column":24171},"end":{"line":1,"column":24182}}},"77":{"name":"(anonymous_77)","line":1,"loc":{"start":{"line":1,"column":24385},"end":{"line":1,"column":24395}}},"78":{"name":"(anonymous_78)","line":1,"loc":{"start":{"line":1,"column":24561},"end":{"line":1,"column":24572}}},"79":{"name":"(anonymous_79)","line":1,"loc":{"start":{"line":1,"column":24854},"end":{"line":1,"column":24865}}},"80":{"name":"(anonymous_80)","line":1,"loc":{"start":{"line":1,"column":25190},"end":{"line":1,"column":25200}}},"81":{"name":"(anonymous_81)","line":1,"loc":{"start":{"line":1,"column":25240},"end":{"line":1,"column":25251}}},"82":{"name":"(anonymous_82)","line":1,"loc":{"start":{"line":1,"column":26097},"end":{"line":1,"column":26107}}},"83":{"name":"(anonymous_83)","line":1,"loc":{"start":{"line":1,"column":26471},"end":{"line":1,"column":26481}}},"84":{"name":"t","line":1,"loc":{"start":{"line":1,"column":26482},"end":{"line":1,"column":26503}}},"85":{"name":"(anonymous_85)","line":1,"loc":{"start":{"line":1,"column":27436},"end":{"line":1,"column":27447}}},"86":{"name":"(anonymous_86)","line":1,"loc":{"start":{"line":1,"column":27819},"end":{"line":1,"column":27829}}},"87":{"name":"(anonymous_87)","line":1,"loc":{"start":{"line":1,"column":27930},"end":{"line":1,"column":27940}}},"88":{"name":"(anonymous_88)","line":1,"loc":{"start":{"line":1,"column":28039},"end":{"line":1,"column":28049}}},"89":{"name":"(anonymous_89)","line":1,"loc":{"start":{"line":1,"column":28154},"end":{"line":1,"column":28164}}},"90":{"name":"(anonymous_90)","line":1,"loc":{"start":{"line":1,"column":28276},"end":{"line":1,"column":28286}}},"91":{"name":"(anonymous_91)","line":1,"loc":{"start":{"line":1,"column":28405},"end":{"line":1,"column":28415}}},"92":{"name":"(anonymous_92)","line":1,"loc":{"start":{"line":1,"column":28513},"end":{"line":1,"column":28523}}},"93":{"name":"(anonymous_93)","line":1,"loc":{"start":{"line":1,"column":28683},"end":{"line":1,"column":28693}}},"94":{"name":"(anonymous_94)","line":1,"loc":{"start":{"line":1,"column":28847},"end":{"line":1,"column":28857}}},"95":{"name":"(anonymous_95)","line":1,"loc":{"start":{"line":1,"column":29123},"end":{"line":1,"column":29133}}},"96":{"name":"(anonymous_96)","line":1,"loc":{"start":{"line":1,"column":29287},"end":{"line":1,"column":29297}}},"97":{"name":"(anonymous_97)","line":1,"loc":{"start":{"line":1,"column":29445},"end":{"line":1,"column":29455}}},"98":{"name":"(anonymous_98)","line":1,"loc":{"start":{"line":1,"column":29723},"end":{"line":1,"column":29733}}},"99":{"name":"(anonymous_99)","line":1,"loc":{"start":{"line":1,"column":29933},"end":{"line":1,"column":29943}}},"100":{"name":"(anonymous_100)","line":1,"loc":{"start":{"line":1,"column":30255},"end":{"line":1,"column":30266}}},"101":{"name":"(anonymous_101)","line":1,"loc":{"start":{"line":1,"column":30381},"end":{"line":1,"column":30394}}},"102":{"name":"(anonymous_102)","line":1,"loc":{"start":{"line":1,"column":30527},"end":{"line":1,"column":30538}}},"103":{"name":"(anonymous_103)","line":1,"loc":{"start":{"line":1,"column":31008},"end":{"line":1,"column":31019}}},"104":{"name":"(anonymous_104)","line":2,"loc":{"start":{"line":2,"column":26},"end":{"line":2,"column":36}}},"105":{"name":"(anonymous_105)","line":2,"loc":{"start":{"line":2,"column":104},"end":{"line":2,"column":114}}},"106":{"name":"(anonymous_106)","line":2,"loc":{"start":{"line":2,"column":160},"end":{"line":2,"column":170}}},"107":{"name":"(anonymous_107)","line":2,"loc":{"start":{"line":2,"column":224},"end":{"line":2,"column":234}}},"108":{"name":"(anonymous_108)","line":2,"loc":{"start":{"line":2,"column":288},"end":{"line":2,"column":298}}},"109":{"name":"(anonymous_109)","line":2,"loc":{"start":{"line":2,"column":374},"end":{"line":2,"column":384}}},"110":{"name":"(anonymous_110)","line":2,"loc":{"start":{"line":2,"column":428},"end":{"line":2,"column":438}}},"111":{"name":"(anonymous_111)","line":2,"loc":{"start":{"line":2,"column":514},"end":{"line":2,"column":524}}},"112":{"name":"(anonymous_112)","line":2,"loc":{"start":{"line":2,"column":584},"end":{"line":2,"column":594}}},"113":{"name":"(anonymous_113)","line":2,"loc":{"start":{"line":2,"column":640},"end":{"line":2,"column":651}}},"114":{"name":"(anonymous_114)","line":2,"loc":{"start":{"line":2,"column":1878},"end":{"line":2,"column":1888}}},"115":{"name":"(anonymous_115)","line":2,"loc":{"start":{"line":2,"column":2023},"end":{"line":2,"column":2036}}},"116":{"name":"(anonymous_116)","line":2,"loc":{"start":{"line":2,"column":2197},"end":{"line":2,"column":2210}}},"117":{"name":"(anonymous_117)","line":2,"loc":{"start":{"line":2,"column":2357},"end":{"line":2,"column":2368}}},"118":{"name":"(anonymous_118)","line":2,"loc":{"start":{"line":2,"column":2512},"end":{"line":2,"column":2522}}},"119":{"name":"(anonymous_119)","line":2,"loc":{"start":{"line":2,"column":2760},"end":{"line":2,"column":2773}}},"120":{"name":"(anonymous_120)","line":2,"loc":{"start":{"line":2,"column":3223},"end":{"line":2,"column":3234}}},"121":{"name":"(anonymous_121)","line":2,"loc":{"start":{"line":2,"column":4196},"end":{"line":2,"column":4209}}},"122":{"name":"(anonymous_122)","line":2,"loc":{"start":{"line":2,"column":4489},"end":{"line":2,"column":4499}}},"123":{"name":"(anonymous_123)","line":2,"loc":{"start":{"line":2,"column":4795},"end":{"line":2,"column":4805}}},"124":{"name":"(anonymous_124)","line":2,"loc":{"start":{"line":2,"column":5106},"end":{"line":2,"column":5116}}},"125":{"name":"(anonymous_125)","line":2,"loc":{"start":{"line":2,"column":5198},"end":{"line":2,"column":5209}}},"126":{"name":"(anonymous_126)","line":2,"loc":{"start":{"line":2,"column":6001},"end":{"line":2,"column":6014}}},"127":{"name":"(anonymous_127)","line":2,"loc":{"start":{"line":2,"column":6409},"end":{"line":2,"column":6419}}},"128":{"name":"(anonymous_128)","line":2,"loc":{"start":{"line":2,"column":6740},"end":{"line":2,"column":6750}}},"129":{"name":"(anonymous_129)","line":2,"loc":{"start":{"line":2,"column":7265},"end":{"line":2,"column":7276}}},"130":{"name":"(anonymous_130)","line":2,"loc":{"start":{"line":2,"column":7650},"end":{"line":2,"column":7661}}},"131":{"name":"(anonymous_131)","line":2,"loc":{"start":{"line":2,"column":7692},"end":{"line":2,"column":7703}}},"132":{"name":"(anonymous_132)","line":2,"loc":{"start":{"line":2,"column":7759},"end":{"line":2,"column":7770}}},"133":{"name":"(anonymous_133)","line":2,"loc":{"start":{"line":2,"column":7826},"end":{"line":2,"column":7837}}},"134":{"name":"(anonymous_134)","line":2,"loc":{"start":{"line":2,"column":8144},"end":{"line":2,"column":8154}}},"135":{"name":"(anonymous_135)","line":2,"loc":{"start":{"line":2,"column":8706},"end":{"line":2,"column":8716}}},"136":{"name":"t","line":2,"loc":{"start":{"line":2,"column":8717},"end":{"line":2,"column":8729}}},"137":{"name":"(anonymous_137)","line":2,"loc":{"start":{"line":2,"column":8852},"end":{"line":2,"column":8862}}}},"statementMap":{"1":{"start":{"line":1,"column":0},"end":{"line":2,"column":8994}},"2":{"start":{"line":1,"column":15},"end":{"line":1,"column":232}},"3":{"start":{"line":1,"column":266},"end":{"line":2,"column":8878}},"4":{"start":{"line":1,"column":283},"end":{"line":1,"column":329}},"5":{"start":{"line":1,"column":299},"end":{"line":1,"column":328}},"6":{"start":{"line":1,"column":329},"end":{"line":1,"column":3121}},"7":{"start":{"line":1,"column":373},"end":{"line":1,"column":387}},"8":{"start":{"line":1,"column":421},"end":{"line":1,"column":602}},"9":{"start":{"line":1,"column":636},"end":{"line":1,"column":678}},"10":{"start":{"line":1,"column":720},"end":{"line":1,"column":764}},"11":{"start":{"line":1,"column":805},"end":{"line":1,"column":1738}},"12":{"start":{"line":1,"column":863},"end":{"line":1,"column":1143}},"13":{"start":{"line":1,"column":1143},"end":{"line":1,"column":1149}},"14":{"start":{"line":1,"column":1161},"end":{"line":1,"column":1441}},"15":{"start":{"line":1,"column":1441},"end":{"line":1,"column":1447}},"16":{"start":{"line":1,"column":1458},"end":{"line":1,"column":1737}},"17":{"start":{"line":1,"column":1781},"end":{"line":1,"column":1925}},"18":{"start":{"line":1,"column":1966},"end":{"line":1,"column":2354}},"19":{"start":{"line":1,"column":2020},"end":{"line":1,"column":2119}},"20":{"start":{"line":1,"column":2119},"end":{"line":1,"column":2125}},"21":{"start":{"line":1,"column":2137},"end":{"line":1,"column":2237}},"22":{"start":{"line":1,"column":2237},"end":{"line":1,"column":2243}},"23":{"start":{"line":1,"column":2254},"end":{"line":1,"column":2353}},"24":{"start":{"line":1,"column":2400},"end":{"line":1,"column":2648}},"25":{"start":{"line":1,"column":2648},"end":{"line":1,"column":2670}},"26":{"start":{"line":1,"column":2718},"end":{"line":1,"column":2933}},"27":{"start":{"line":1,"column":2933},"end":{"line":1,"column":2957}},"28":{"start":{"line":1,"column":3073},"end":{"line":1,"column":3118}},"29":{"start":{"line":1,"column":3138},"end":{"line":1,"column":4339}},"30":{"start":{"line":1,"column":3160},"end":{"line":1,"column":4338}},"31":{"start":{"line":1,"column":4339},"end":{"line":1,"column":26465}},"32":{"start":{"line":1,"column":4406},"end":{"line":1,"column":4513}},"33":{"start":{"line":1,"column":4579},"end":{"line":1,"column":4769}},"34":{"start":{"line":1,"column":4806},"end":{"line":1,"column":4824}},"35":{"start":{"line":1,"column":4860},"end":{"line":1,"column":4875}},"36":{"start":{"line":1,"column":4875},"end":{"line":1,"column":4884}},"37":{"start":{"line":1,"column":4884},"end":{"line":1,"column":6000}},"38":{"start":{"line":1,"column":4900},"end":{"line":1,"column":4929}},"39":{"start":{"line":1,"column":4929},"end":{"line":1,"column":5999}},"40":{"start":{"line":1,"column":4953},"end":{"line":1,"column":4972}},"41":{"start":{"line":1,"column":4972},"end":{"line":1,"column":4978}},"42":{"start":{"line":1,"column":4994},"end":{"line":1,"column":5022}},"43":{"start":{"line":1,"column":5022},"end":{"line":1,"column":5028}},"44":{"start":{"line":1,"column":5045},"end":{"line":1,"column":5074}},"45":{"start":{"line":1,"column":5074},"end":{"line":1,"column":5080}},"46":{"start":{"line":1,"column":5097},"end":{"line":1,"column":5116}},"47":{"start":{"line":1,"column":5116},"end":{"line":1,"column":5122}},"48":{"start":{"line":1,"column":5140},"end":{"line":1,"column":5161}},"49":{"start":{"line":1,"column":5161},"end":{"line":1,"column":5167}},"50":{"start":{"line":1,"column":5183},"end":{"line":1,"column":5203}},"51":{"start":{"line":1,"column":5203},"end":{"line":1,"column":5209}},"52":{"start":{"line":1,"column":5225},"end":{"line":1,"column":5247}},"53":{"start":{"line":1,"column":5247},"end":{"line":1,"column":5253}},"54":{"start":{"line":1,"column":5268},"end":{"line":1,"column":5312}},"55":{"start":{"line":1,"column":5312},"end":{"line":1,"column":5318}},"56":{"start":{"line":1,"column":5333},"end":{"line":1,"column":5377}},"57":{"start":{"line":1,"column":5377},"end":{"line":1,"column":5383}},"58":{"start":{"line":1,"column":5402},"end":{"line":1,"column":5434}},"59":{"start":{"line":1,"column":5434},"end":{"line":1,"column":5440}},"60":{"start":{"line":1,"column":5459},"end":{"line":1,"column":5491}},"61":{"start":{"line":1,"column":5491},"end":{"line":1,"column":5497}},"62":{"start":{"line":1,"column":5512},"end":{"line":1,"column":5539}},"63":{"start":{"line":1,"column":5539},"end":{"line":1,"column":5545}},"64":{"start":{"line":1,"column":5560},"end":{"line":1,"column":5587}},"65":{"start":{"line":1,"column":5587},"end":{"line":1,"column":5593}},"66":{"start":{"line":1,"column":5610},"end":{"line":1,"column":5639}},"67":{"start":{"line":1,"column":5639},"end":{"line":1,"column":5645}},"68":{"start":{"line":1,"column":5661},"end":{"line":1,"column":5689}},"69":{"start":{"line":1,"column":5689},"end":{"line":1,"column":5695}},"70":{"start":{"line":1,"column":5714},"end":{"line":1,"column":5735}},"71":{"start":{"line":1,"column":5735},"end":{"line":1,"column":5741}},"72":{"start":{"line":1,"column":5755},"end":{"line":1,"column":5809}},"73":{"start":{"line":1,"column":5809},"end":{"line":1,"column":5815}},"74":{"start":{"line":1,"column":5833},"end":{"line":1,"column":5853}},"75":{"start":{"line":1,"column":5853},"end":{"line":1,"column":5859}},"76":{"start":{"line":1,"column":5880},"end":{"line":1,"column":5904}},"77":{"start":{"line":1,"column":5904},"end":{"line":1,"column":5910}},"78":{"start":{"line":1,"column":5927},"end":{"line":1,"column":5947}},"79":{"start":{"line":1,"column":5947},"end":{"line":1,"column":5953}},"80":{"start":{"line":1,"column":5975},"end":{"line":1,"column":5998}},"81":{"start":{"line":1,"column":6000},"end":{"line":1,"column":6678}},"82":{"start":{"line":1,"column":6129},"end":{"line":1,"column":6275}},"83":{"start":{"line":1,"column":6165},"end":{"line":1,"column":6275}},"84":{"start":{"line":1,"column":6209},"end":{"l
[...]
nderer.setElementStyle(this._ngEl.nativeElement, 'top', '0px');","                this._renderer.setElementStyle(this._ngEl.nativeElement, 'right', null);","                this._renderer.setElementStyle(this._ngEl.nativeElement, 'bottom', null);","                break;","            case 'right':","                this._renderer.setElementStyle(this._ngEl.nativeElement, 'right', '0px');","                this._renderer.setElementStyle(this._ngEl.nativeElement, 'top', '0px');","                this._renderer.setElementStyle(this._ngEl.nativeElement, 'left', null);","                this._renderer.setElementStyle(this._ngEl.nativeElement, 'bottom', null);","                break;","            case 'down':","                this._renderer.setElementStyle(this._ngEl.nativeElement, 'left', '0px');","                this._renderer.setElementStyle(this._ngEl.nativeElement, 'bottom', '0px');","                this._renderer.setElementStyle(this._ngEl.nativeElement, 'right', null);","                this._renderer.setElementStyle(this._ngEl.nativeElement, 'top', null);","                break;","        }","    };","    NgGridItem.prototype.setDimensions = function (w, h) {","        if (w < this.minWidth)","            w = this.minWidth;","        if (h < this.minHeight)","            h = this.minHeight;","        this._renderer.setElementStyle(this._ngEl.nativeElement, 'width', w + 'px');","        this._renderer.setElementStyle(this._ngEl.nativeElement, 'height', h + 'px');","        this._elemWidth = w;","        this._elemHeight = h;","    };","    NgGridItem.prototype.startMoving = function () {","        this._renderer.setElementClass(this._ngEl.nativeElement, 'moving', true);","        var style = window.getComputedStyle(this._ngEl.nativeElement);","        if (this._ngGrid.autoStyle)","            this._renderer.setElementStyle(this._ngEl.nativeElement, 'z-index', (parseInt(style.getPropertyValue('z-index')) + 1).toString());","    };","    NgGridItem.prototype.stopMoving = function () {","        this._renderer.setElementClass(this._ngEl.nativeElement, 'moving', false);","        var style = window.getComputedStyle(this._ngEl.nativeElement);","        if (this._ngGrid.autoStyle)","            this._renderer.setElementStyle(this._ngEl.nativeElement, 'z-index', (parseInt(style.getPropertyValue('z-index')) - 1).toString());","    };","    NgGridItem.prototype.recalculateSelf = function () {","        this._recalculatePosition();","        this._recalculateDimensions();","    };","    NgGridItem.prototype.fixResize = function (newSize) {","        if (this._maxCols > 0 && newSize.x > this._maxCols)","            newSize.x = this._maxCols;","        if (this._maxRows > 0 && newSize.y > this._maxRows)","            newSize.y = this._maxRows;","        if (this._minCols > 0 && newSize.x < this._minCols)","            newSize.x = this._minCols;","        if (this._minRows > 0 && newSize.y < this._minRows)","            newSize.y = this._minRows;","        var itemWidth = (newSize.x * this._ngGrid.colWidth) + ((this._ngGrid.marginLeft + this._ngGrid.marginRight) * (newSize.x - 1));","        if (itemWidth < this.minWidth)","            newSize.x = Math.ceil((this.minWidth + this._ngGrid.marginRight + this._ngGrid.marginLeft) / (this._ngGrid.colWidth + this._ngGrid.marginRight + this._ngGrid.marginLeft));","        var itemHeight = (newSize.y * this._ngGrid.rowHeight) + ((this._ngGrid.marginTop + this._ngGrid.marginBottom) * (newSize.y - 1));","        if (itemHeight < this.minHeight)","            newSize.y = Math.ceil((this.minHeight + this._ngGrid.marginBottom + this._ngGrid.marginTop) / (this._ngGrid.rowHeight + this._ngGrid.marginBottom + this._ngGrid.marginTop));","        return newSize;","    };","    //\tPrivate methods","    NgGridItem.prototype.elementMatches = function (element, selector) {","        if (element.matches)","            return element.matches(selector);","        if (element.oMatchesSelector)","            return element.oMatchesSelector(selector);","        if (element.msMatchesSelector)","            return element.msMatchesSelector(selector);","        if (element.mozMatchesSelector)","            return element.mozMatchesSelector(selector);","        if (element.webkitMatchesSelector)","            return element.webkitMatchesSelector(selector);","        var matches = (element.document || element.ownerDocument).querySelectorAll(selector);","        var i = matches.length;","        while (--i >= 0 && matches.item(i) !== element) { }","        return i > -1;","    };","    NgGridItem.prototype._recalculatePosition = function () {","        var x = (this._ngGrid.colWidth + this._ngGrid.marginLeft + this._ngGrid.marginRight) * (this._currentPosition.col - 1) + this._ngGrid.marginLeft;","        var y = (this._ngGrid.rowHeight + this._ngGrid.marginTop + this._ngGrid.marginBottom) * (this._currentPosition.row - 1) + this._ngGrid.marginTop;","        this.setPosition(x, y);","    };","    NgGridItem.prototype._recalculateDimensions = function () {","        if (this._size.x < this._ngGrid.minCols)","            this._size.x = this._ngGrid.minCols;","        if (this._size.y < this._ngGrid.minRows)","            this._size.y = this._ngGrid.minRows;","        var newWidth = (this._ngGrid.colWidth * this._size.x) + ((this._ngGrid.marginLeft + this._ngGrid.marginRight) * (this._size.x - 1));","        var newHeight = (this._ngGrid.rowHeight * this._size.y) + ((this._ngGrid.marginTop + this._ngGrid.marginBottom) * (this._size.y - 1));","        var w = Math.max(this.minWidth, this._ngGrid.minWidth, newWidth);","        var h = Math.max(this.minHeight, this._ngGrid.minHeight, newHeight);","        this.setDimensions(w, h);","    };","    NgGridItem.prototype._getMousePosition = function (e) {","        if (e.originalEvent && e.originalEvent.touches) {","            var oe = e.originalEvent;","            e = oe.touches.length ? oe.touches[0] : (oe.changedTouches.length ? oe.changedTouches[0] : e);","        }","        else if (e.touches) {","            e = e.touches.length ? e.touches[0] : (e.changedTouches.length ? e.changedTouches[0] : e);","        }","        var refPos = this._ngEl.nativeElement.getBoundingClientRect();","        return {","            left: e.clientX - refPos.left,","            top: e.clientY - refPos.top","        };","    };","    NgGridItem.prototype._applyChanges = function (changes) {","        var _this = this;","        changes.forEachAddedItem(function (record) { _this._config[record.key] = record.currentValue; });","        changes.forEachChangedItem(function (record) { _this._config[record.key] = record.currentValue; });","        changes.forEachRemovedItem(function (record) { delete _this._config[record.key]; });","        this.setConfig(this._config);","    };","    //\tDefault config","    NgGridItem.CONST_DEFAULT_CONFIG = {","        col: 1,","        row: 1,","        sizex: 1,","        sizey: 1,","        dragHandle: null,","        resizeHandle: null,","        fixed: false,","        draggable: true,","        resizable: true,","        borderSize: 25","    };","    NgGridItem.decorators = [","        { type: _angular_core.Directive, args: [{","                    selector: '[ngGridItem]',","                    inputs: ['config: ngGridItem']","                },] },","    ];","    /** @nocollapse */","    NgGridItem.ctorParameters = function () { return [","        { type: _angular_core.KeyValueDiffers, },","        { type: _angular_core.ElementRef, },","        { type: _angular_core.Renderer, },","        { type: NgGrid, },","        { type: _angular_core.ViewContainerRef, },","    ]; };","    NgGridItem.propDecorators = {","        'onItemChange': [{ type: _angular_core.Output },],","        'onDragStart': [{ type: _angular_core.Output },],","        'onDrag': [{ type: _angular_core.Output },],","        'onDragStop': [{ type: _angular_core.Output },],","        'onDragAny': [{ type: _angular_core.Output },],","        'onResizeStart': [{ type: _angular_core.Output },],","        'onResize': [{ type: _angular_core.Output },],","        'onResizeStop': [{ type: _angular_core.Output },],","        'onResizeAny': [{ type: _angular_core.Output },],","        'onChangeStart': [{ type: _angular_core.Output },],","        'onChange': [{ type: _angular_core.Output },],","        'onChangeStop': [{ type: _angular_core.Output },],","        'onChangeAny': [{ type: _angular_core.Output },],","        'ngGridItemChange': [{ type: _angular_core.Output },],","    };","    return NgGridItem;","}());","","var NgGridModule$$1 = (function () {","    function NgGridModule$$1() {","    }","    NgGridModule$$1.decorators = [","        { type: _angular_core.NgModule, args: [{","                    declarations: [NgGrid, NgGridItem, NgGridPlaceholder],","                    entryComponents: [NgGridPlaceholder],","                    exports: [NgGrid, NgGridItem]","                },] },","    ];","    /** @nocollapse */","    NgGridModule$$1.ctorParameters = function () { return []; };","    return NgGridModule$$1;","}());","","exports.NgGrid = NgGrid;","exports.NgGridItem = NgGridItem;","exports.NgGridPlaceholder = NgGridPlaceholder;","exports.NgGridModule = NgGridModule$$1;","","Object.defineProperty(exports, '__esModule', { value: true });","","})));",""],"l":{"1":1,"2":1,"7":1,"8":1,"9":0,"10":0,"12":1,"13":0,"15":1,"16":0,"17":0,"18":0,"20":1,"21":0,"22":0,"24":1,"25":0,"26":0,"28":1,"29":0,"30":0,"34":0,"35":0,"36":0,"37":0,"38":0,"40":0,"41":0,"42":0,"43":0,"44":0,"46":0,"47":0,"48":0,"49":0,"50":0,"54":1,"55":0,"56":0,"58":1,"59":0,"63":0,"64":0,"66":0,"67":0,"69":0,"70":0,"73":1,"74":0,"75":0,"76":0,"78":1,"79":0,"80":0,"81":0,"83":1,"90":1,"94":1,"97":1,"99":1,"100":0,"101":0,"102":0,"103":0,"104":0,"106":0,"107":0,"108":0,"109":0,"110":0,"111":0,"112":0,"114":0,"115":0,"116":0,"117":0,"118":0,"119":0,"120":0,"121":0,"122":0,"123":0,"124":0,"125":0,"126":0,"127":0,"128":0,"129":0,"131":0,"132":0,"133":0,"134":0,"135":0,"136":0,"137":0,"138":0,"139":0,"140":0,"141":0,"142":0,"143":0,"144":0,"145":0,"146":0,"147":0,"148":0,"149":0,"150":0,"151":0,"152":0,"153":0,"154":0,"155":0,"156":0,"158":1,"161":0,"162":0,"163":0,"170":1,"171":0,"172":0,"173":0,"174":0,"176":1,"177":0,"179":1,"180":0,"181":0,"182":0,"183":0,"184":0,"185":0,"187":0,"188":0,"190":0,"191":0,"193":0,"194":0,"196":0,"197":0,"199":0,"200":0,"202":0,"203":0,"205":0,"206":0,"208":0,"209":0,"210":0,"212":0,"213":0,"214":0,"216":0,"217":0,"219":0,"220":0,"222":0,"223":0,"225":0,"226":0,"228":0,"229":0,"231":0,"232":0,"234":0,"235":0,"237":0,"238":0,"239":0,"241":0,"243":0,"244":0,"246":0,"247":0,"249":0,"250":0,"252":0,"253":0,"256":0,"257":0,"258":0,"261":0,"264":0,"265":0,"266":0,"269":0,"270":0,"274":0,"275":0,"278":0,"279":0,"280":0,"281":0,"282":0,"283":0,"284":0,"285":0,"287":0,"288":0,"289":0,"291":0,"292":0,"293":0,"295":0,"297":0,"299":0,"300":0,"301":0,"302":0,"303":0,"304":0,"305":0,"306":0,"307":0,"308":0,"309":0,"310":0,"311":0,"312":0,"313":0,"314":0,"315":0,"316":0,"317":0,"318":0,"319":0,"321":0,"322":0,"323":0,"324":0,"325":0,"327":0,"328":0,"330":1,"331":0,"333":1,"334":0,"336":1,"337":0,"338":0,"339":0,"340":0,"341":0,"344":0,"346":1,"347":0,"348":0,"349":0,"350":0,"351":0,"353":1,"354":0,"356":1,"357":0,"359":1,"360":0,"362":1,"363":0,"365":1,"366":0,"367":0,"368":0,"369":0,"371":0,"372":0,"373":0,"374":0,"375":0,"377":1,"378":0,"379":0,"380":0,"381":0,"384":0,"385":0,"386":0,"387":0,"388":0,"389":0,"391":1,"392":0,"393":0,"394":0,"395":0,"396":0,"398":1,"399":0,"401":1,"402":0,"403":0,"404":0,"405":0,"406":0,"407":0,"409":0,"410":0,"411":0,"412":0,"413":0,"415":0,"417":1,"418":0,"419":0,"420":0,"421":0,"422":0,"424":0,"425":0,"428":0,"430":1,"431":0,"432":0,"433":0,"435":0,"436":0,"437":0,"439":0,"440":0,"441":0,"443":0,"445":1,"446":0,"447":0,"448":0,"450":0,"451":0,"452":0,"454":0,"455":0,"457":0,"458":0,"461":0,"462":0,"463":0,"464":0,"469":1,"470":0,"471":0,"472":0,"473":0,"474":0,"475":0,"476":0,"477":0,"478":0,"479":0,"484":1,"485":0,"486":0,"487":0,"488":0,"489":0,"490":0,"491":0,"492":0,"493":0,"494":0,"499":1,"500":0,"501":0,"502":0,"504":0,"505":0,"507":0,"508":0,"509":0,"511":0,"512":0,"517":1,"518":0,"519":0,"522":1,"523":0,"524":0,"525":0,"526":0,"527":0,"529":1,"530":0,"531":0,"532":0,"533":0,"534":0,"535":0,"536":0,"537":0,"538":0,"539":0,"540":0,"541":0,"542":0,"546":1,"547":0,"548":0,"549":0,"550":0,"551":0,"552":0,"553":0,"554":0,"555":0,"556":0,"557":0,"558":0,"559":0,"560":0,"561":0,"562":0,"563":0,"568":1,"569":0,"571":1,"572":0,"574":1,"575":0,"576":0,"577":0,"578":0,"580":0,"581":0,"584":0,"585":0,"587":0,"588":0,"589":0,"590":0,"591":0,"592":0,"593":0,"594":0,"595":0,"596":0,"597":0,"598":0,"599":0,"602":0,"603":0,"604":0,"605":0,"606":0,"607":0,"610":0,"611":0,"613":0,"614":0,"617":1,"618":0,"619":0,"620":0,"621":0,"623":0,"624":0,"627":0,"628":0,"630":0,"631":0,"632":0,"633":0,"634":0,"635":0,"636":0,"637":0,"638":0,"639":0,"640":0,"641":0,"642":0,"643":0,"644":0,"645":0,"646":0,"647":0,"648":0,"649":0,"650":0,"651":0,"652":0,"653":0,"654":0,"655":0,"656":0,"659":0,"660":0,"661":0,"662":0,"663":0,"664":0,"665":0,"666":0,"667":0,"670":1,"671":0,"672":0,"673":0,"674":0,"675":0,"676":0,"677":0,"678":0,"679":0,"680":0,"681":0,"682":0,"683":0,"684":0,"685":0,"689":1,"690":0,"691":0,"692":0,"693":0,"694":0,"695":0,"696":0,"697":0,"698":0,"699":0,"700":0,"701":0,"702":0,"705":1,"706":0,"707":0,"708":0,"710":1,"711":0,"712":0,"713":0,"714":0,"715":0,"716":0,"717":0,"718":0,"719":0,"721":1,"722":0,"723":0,"724":0,"725":0,"726":0,"727":0,"728":0,"730":1,"731":0,"732":0,"733":0,"734":0,"735":0,"738":1,"739":0,"740":0,"741":0,"742":0,"743":0,"744":0,"745":0,"746":0,"747":0,"748":0,"749":0,"754":0,"756":1,"757":0,"758":0,"759":0,"760":0,"761":0,"762":0,"763":0,"767":0,"768":0,"769":0,"770":0,"771":0,"773":0,"776":0,"777":0,"778":0,"779":0,"780":0,"782":0,"784":0,"785":0,"788":0,"790":0,"791":0,"792":0,"795":1,"796":0,"797":0,"798":0,"799":0,"800":0,"801":0,"804":0,"807":0,"808":0,"809":0,"810":0,"811":0,"813":0,"814":0,"815":0,"816":0,"817":0,"818":0,"820":0,"822":0,"823":0,"824":0,"829":0,"830":0,"831":0,"832":0,"834":0,"835":0,"837":0,"838":0,"839":0,"846":0,"847":0,"849":0,"850":0,"851":0,"852":0,"853":0,"854":0,"855":0,"856":0,"857":0,"858":0,"859":0,"860":0,"862":0,"863":0,"866":0,"867":0,"870":0,"873":0,"874":0,"875":0,"876":0,"877":0,"878":0,"879":0,"880":0,"881":0,"882":0,"883":0,"884":0,"885":0,"886":0,"887":0,"888":0,"890":0,"891":0,"893":0,"894":0,"895":0,"896":0,"897":0,"898":0,"899":0,"900":0,"901":0,"902":0,"903":0,"904":0,"905":0,"906":0,"908":0,"909":0,"910":0,"911":0,"912":0,"916":0,"917":0,"918":0,"919":0,"920":0,"923":0,"924":0,"925":0,"926":0,"929":0,"932":1,"933":0,"934":0,"935":0,"936":0,"937":0,"938":0,"939":0,"940":0,"942":0,"943":0,"944":0,"946":0,"949":0,"950":0,"951":0,"952":0,"953":0,"954":0,"955":0,"956":0,"957":0,"958":0,"959":0,"960":0,"961":0,"962":0,"963":0,"964":0,"965":0,"966":0,"967":0,"968":0,"969":0,"970":0,"972":0,"973":0,"976":0,"979":0,"980":0,"981":0,"982":0,"983":0,"986":0,"988":0,"989":0,"991":0,"992":0,"997":0,"1000":0,"1001":0,"1002":0,"1003":0,"1004":0,"1005":0,"1006":0,"1007":0,"1008":0,"1009":0,"1010":0,"1011":0,"1012":0,"1013":0,"1014":0,"1015":0,"1016":0,"1017":0,"1018":0,"1019":0,"1021":0,"1022":0,"1025":0,"1028":0,"1029":0,"1030":0,"1031":0,"1032":0,"1035":0,"1037":0,"1038":0,"1040":0,"1041":0,"1046":0,"1048":0,"1051":1,"1052":0,"1053":0,"1054":0,"1058":0,"1059":0,"1062":0,"1063":0,"1066":0,"1067":0,"1068":0,"1070":0,"1071":0,"1072":0,"1075":0,"1077":1,"1078":0,"1079":0,"1082":0,"1085":1,"1086":0,"1088":1,"1089":0,"1091":1,"1092":0,"1093":0,"1094":0,"1095":0,"1096":0,"1098":0,"1099":0,"1100":0,"1101":0,"1102":0,"1103":0,"1107":1,"1108":0,"1109":0,"1110":0,"1111":0,"1113":1,"1114":0,"1115":0,"1116":0,"1117":0,"1118":0,"1119":0,"1120":0,"1121":0,"1122":0,"1124":0,"1125":0,"1127":1,"1128":0,"1130":1,"1131":0,"1133":1,"1134":0,"1135":0,"1137":0,"1138":0,"1139":0,"1140":0,"1141":0,"1142":0,"1143":0,"1144":0,"1145":0,"1146":0,"1148":0,"1153":1,"1154":0,"1155":0,"1157":0,"1162":1,"1163":0,"1164":0,"1166":1,"1167":0,"1168":0,"1169":0,"1170":0,"1171":0,"1173":0,"1176":0,"1178":1,"1179":0,"1180":0,"1181":0,"1182":0,"1183":0,"1184":0,"1185":0,"1186":0,"1187":0,"1188":0,"1190":1,"1191":0,"1194":1,"1214":1,"1232":1,"1239":1,"1248":1,"1251":1,"1253":1,"1254":0,"1255":0,"1256":0,"1257":0,"1258":0,"1260":0,"1261":0,"1262":0,"1263":0,"1264":0,"1265":0,"1266":0,"1267":0,"1268":0,"1269":0,"1270":0,"1271":0,"1272":0,"1273":0,"1274":0,"1275":0,"1276":0,"1277":0,"1278":0,"1279":0,"1280":0,"1281":0,"1282":0,"1283":0,"1284":0,"1285":0,"1286":0,"1287":0,"1289":1,"1292":0,"1293":0,"1294":0,"1295":0,"1296":0,"1297":0,"1298":0,"1300":0,"1301":0,"1302":0,"1304":0,"1305":0,"1310":1,"1312":0,"1317":1,"1319":0,"1324":1,"1326":0,"1331":1,"1333":0,"1338":1,"1340":0,"1345":1,"1347":0,"1352":1,"1353":0,"1354":0,"1355":0,"1356":0,"1357":0,"1359":1,"1360":0,"1361":0,"1362":0,"1363":0,"1364":0,"1366":1,"1367":0,"1368":0,"1369":0,"1370":0,"1371":0,"1372":0,"1373":0,"1374":0,"1376":1,"1377":0,"1378":0,"1379":0,"1380":0,"1381":0,"1383":1,"1384":0,"1385":0,"1386":0,"1387":0,"1388":0,"1390":1,"1391":0,"1392":0,"1393":0,"1394":0,"1395":0,"1396":0,"1397":0,"1398":0,"1400":1,"1401":0,"1402":0,"1403":0,"1404":0,"1405":0,"1407":1,"1408":0,"1409":0,"1410":0,"1411":0,"1412":0,"1413":0,"1414":0,"1415":0,"1419":1,"1420":0,"1421":0,"1422":0,"1423":0,"1425":0,"1427":1,"1428":0,"1429":0,"1430":0,"1431":0,"1432":0,"1434":0,"1436":1,"1437":0,"1438":0,"1439":0,"1440":0,"1442":0,"1443":0,"1445":0,"1447":0,"1448":0,"1450":0,"1451":0,"1453":0,"1455":1,"1456":0,"1457":0,"1458":0,"1459":0,"1461":0,"1463":0,"1464":0,"1466":0,"1467":0,"1469":0,"1470":0,"1473":0,"1476":0,"1477":0,"1479":0,"1480":0,"1483":0,"1487":1,"1488":0,"1489":0,"1492":1,"1493":0,"1495":1,"1496":0,"1498":1,"1499":0,"1501":1,"1502":0,"1504":1,"1505":0,"1507":1,"1508":0,"1510":1,"1511":0,"1513":1,"1514":0,"1517":1,"1518":0,"1519":0,"1520":0,"1521":0,"1522":0,"1523":0,"1524":0,"1525":0,"1526":0,"1527":0,"1528":0,"1529":0,"1530":0,"1531":0,"1532":0,"1533":0,"1534":0,"1535":0,"1536":0,"1537":0,"1538":0,"1539":0,"1540":0,"1541":0,"1543":0,"1544":0,"1545":0,"1547":1,"1548":0,"1549":0,"1550":0,"1551":0,"1552":0,"1555":0,"1557":1,"1558":0,"1559":0,"1560":0,"1561":0,"1562":0,"1563":0,"1565":1,"1566":0,"1567":0,"1568":0,"1569":0,"1570":0,"1572":1,"1573":0,"1574":0,"1575":0,"1576":0,"1578":1,"1579":0,"1591":1,"1592":0,"1596":0,"1597":0,"1599":0,"1600":0,"1602":0,"1603":0,"1605":0,"1606":0,"1608":1,"1609":0,"1610":0,"1614":0,"1615":0,"1616":0,"1617":0,"1618":0,"1620":0,"1621":0,"1622":0,"1623":0,"1624":0,"1626":0,"1627":0,"1628":0,"1629":0,"1630":0,"1633":1,"1634":0,"1635":0,"1636":0,"1637":0,"1638":0,"1639":0,"1640":0,"1641":0,"1643":1,"1644":0,"1645":0,"1646":0,"1647":0,"1649":1,"1650":0,"1651":0,"1652":0,"1653":0,"1655":1,"1656":0,"1657":0,"1659":1,"1660":0,"1661":0,"1662":0,"1663":0,"1664":0,"1665":0,"1666":0,"1667":0,"1668":0,"1669":0,"1670":0,"1671":0,"1672":0,"1673":0,"1674":0,"1677":1,"1678":0,"1679":0,"1680":0,"1681":0,"1682":0,"1683":0,"1684":0,"1685":0,"1686":0,"1687":0,"1688":0,"1689":0,"1690":0,"1691":0,"1693":1,"1694":0,"1695":0,"1696":0,"1698":1,"1699":0,"1700":0,"1701":0,"1702":0,"1703":0,"1704":0,"1705":0,"1706":0,"1707":0,"1709":1,"1710":0,"1711":0,"1712":0,"1714":0,"1715":0,"1717":0,"1718":0,"1723":1,"1724":0,"1725":0,"1726":0,"1727":0,"1728":0,"1731":1,"1743":1,"1750":1,"1757":1,"1773":1,"1776":1,"1777":1,"1779":1,"1787":1,"1788":1,"1791":1,"1792":1,"1793":1,"1794":1,"1796":1}},"/home/travis/build/npmtest/node-npmtest-angular2-grid/node_modules/angular2-grid/interfaces/INgGrid.js":{"path":"/home/travis/build/npmtest/node-npmtest-angular2-grid/node_modules/angular2-grid/interfaces/INgGrid.js","s":{},"b":{},"f":{},"fnMap":{},"statementMap":{},"branchMap":{},"code":["//# sourceMappingURL=INgGrid.js.map"],"l":{}}}